{"C:\\Users\\28318\\Desktop\\leveldb-nodejs\\leveldb-ts\\src\\arena.ts": {"path":"C:\\Users\\28318\\Desktop\\leveldb-nodejs\\leveldb-ts\\src\\arena.ts","statementMap":{"0":{"start":{"line":1,"column":19},"end":{"line":1,"column":null}},"1":{"start":{"line":4,"column":29},"end":{"line":4,"column":null}},"2":{"start":{"line":5,"column":23},"end":{"line":5,"column":null}},"3":{"start":{"line":6,"column":40},"end":{"line":6,"column":null}},"4":{"start":{"line":7,"column":26},"end":{"line":7,"column":null}},"5":{"start":{"line":10,"column":4},"end":{"line":15,"column":null}},"6":{"start":{"line":11,"column":24},"end":{"line":11,"column":null}},"7":{"start":{"line":12,"column":6},"end":{"line":12,"column":null}},"8":{"start":{"line":13,"column":6},"end":{"line":13,"column":null}},"9":{"start":{"line":14,"column":6},"end":{"line":14,"column":null}},"10":{"start":{"line":16,"column":19},"end":{"line":16,"column":null}},"11":{"start":{"line":17,"column":4},"end":{"line":17,"column":null}},"12":{"start":{"line":18,"column":4},"end":{"line":18,"column":null}},"13":{"start":{"line":22,"column":4},"end":{"line":22,"column":null}},"14":{"start":{"line":22,"column":42},"end":{"line":22,"column":58}}},"fnMap":{"0":{"name":"allocate","decl":{"start":{"line":9,"column":2},"end":{"line":9,"column":11}},"loc":{"start":{"line":9,"column":34},"end":{"line":19,"column":null}},"line":9},"1":{"name":"memoryUsage","decl":{"start":{"line":21,"column":2},"end":{"line":21,"column":24}},"loc":{"start":{"line":21,"column":24},"end":{"line":23,"column":null}},"line":21},"2":{"name":"(anonymous_2)","decl":{"start":{"line":22,"column":23},"end":{"line":22,"column":31}},"loc":{"start":{"line":22,"column":42},"end":{"line":22,"column":58}},"line":22}},"branchMap":{"0":{"loc":{"start":{"line":10,"column":4},"end":{"line":15,"column":null}},"type":"if","locations":[{"start":{"line":10,"column":4},"end":{"line":15,"column":null}},{"start":{},"end":{}}],"line":10},"1":{"loc":{"start":{"line":10,"column":8},"end":{"line":10,"column":93}},"type":"binary-expr","locations":[{"start":{"line":10,"column":8},"end":{"line":10,"column":38}},{"start":{"line":10,"column":38},"end":{"line":10,"column":93}}],"line":10}},"s":{"0":10,"1":558,"2":558,"3":558,"4":558,"5":12367,"6":542,"7":542,"8":542,"9":542,"10":12367,"11":12367,"12":12367,"13":7,"14":7},"f":{"0":12367,"1":7,"2":7},"b":{"0":[542,11825],"1":[12367,11831]},"meta":{"lastBranch":2,"lastFunction":3,"lastStatement":15,"seen":{"s:1:19:1:Infinity":0,"s:4:29:4:Infinity":1,"s:5:23:5:Infinity":2,"s:6:40:6:Infinity":3,"s:7:26:7:Infinity":4,"f:9:2:9:11":0,"b:10:4:15:Infinity:undefined:undefined:undefined:undefined":0,"s:10:4:15:Infinity":5,"b:10:8:10:38:10:38:10:93":1,"s:11:24:11:Infinity":6,"s:12:6:12:Infinity":7,"s:13:6:13:Infinity":8,"s:14:6:14:Infinity":9,"s:16:19:16:Infinity":10,"s:17:4:17:Infinity":11,"s:18:4:18:Infinity":12,"f:21:2:21:24":1,"s:22:4:22:Infinity":13,"f:22:23:22:31":2,"s:22:42:22:58":14}}}
,"C:\\Users\\28318\\Desktop\\leveldb-nodejs\\leveldb-ts\\src\\cache.ts": {"path":"C:\\Users\\28318\\Desktop\\leveldb-nodejs\\leveldb-ts\\src\\cache.ts","statementMap":{"0":{"start":{"line":15,"column":16},"end":{"line":15,"column":null}},"1":{"start":{"line":16,"column":25},"end":{"line":16,"column":null}},"2":{"start":{"line":22,"column":4},"end":{"line":22,"column":null}},"3":{"start":{"line":23,"column":4},"end":{"line":23,"column":null}},"4":{"start":{"line":24,"column":4},"end":{"line":24,"column":null}},"5":{"start":{"line":25,"column":4},"end":{"line":25,"column":null}},"6":{"start":{"line":26,"column":4},"end":{"line":26,"column":null}},"7":{"start":{"line":30,"column":4},"end":{"line":30,"column":null}},"8":{"start":{"line":31,"column":26},"end":{"line":37,"column":null}},"9":{"start":{"line":38,"column":4},"end":{"line":38,"column":null}},"10":{"start":{"line":39,"column":4},"end":{"line":39,"column":null}},"11":{"start":{"line":40,"column":4},"end":{"line":40,"column":null}},"12":{"start":{"line":43,"column":4},"end":{"line":50,"column":null}},"13":{"start":{"line":44,"column":18},"end":{"line":44,"column":null}},"14":{"start":{"line":45,"column":6},"end":{"line":45,"column":null}},"15":{"start":{"line":45,"column":29},"end":{"line":45,"column":null}},"16":{"start":{"line":46,"column":6},"end":{"line":46,"column":null}},"17":{"start":{"line":47,"column":6},"end":{"line":47,"column":null}},"18":{"start":{"line":48,"column":6},"end":{"line":48,"column":null}},"19":{"start":{"line":49,"column":6},"end":{"line":49,"column":null}},"20":{"start":{"line":49,"column":24},"end":{"line":49,"column":null}},"21":{"start":{"line":51,"column":4},"end":{"line":51,"column":null}},"22":{"start":{"line":55,"column":17},"end":{"line":55,"column":null}},"23":{"start":{"line":56,"column":4},"end":{"line":56,"column":null}},"24":{"start":{"line":56,"column":15},"end":{"line":56,"column":null}},"25":{"start":{"line":57,"column":4},"end":{"line":57,"column":null}},"26":{"start":{"line":58,"column":4},"end":{"line":58,"column":null}},"27":{"start":{"line":62,"column":17},"end":{"line":62,"column":null}},"28":{"start":{"line":63,"column":4},"end":{"line":63,"column":null}},"29":{"start":{"line":63,"column":15},"end":{"line":63,"column":null}},"30":{"start":{"line":64,"column":4},"end":{"line":64,"column":null}},"31":{"start":{"line":65,"column":4},"end":{"line":65,"column":null}},"32":{"start":{"line":66,"column":4},"end":{"line":66,"column":null}},"33":{"start":{"line":70,"column":4},"end":{"line":70,"column":null}},"34":{"start":{"line":75,"column":4},"end":{"line":75,"column":null}},"35":{"start":{"line":76,"column":4},"end":{"line":76,"column":null}},"36":{"start":{"line":77,"column":4},"end":{"line":77,"column":null}},"37":{"start":{"line":78,"column":4},"end":{"line":78,"column":null}},"38":{"start":{"line":82,"column":4},"end":{"line":90,"column":null}},"39":{"start":{"line":83,"column":18},"end":{"line":83,"column":null}},"40":{"start":{"line":84,"column":6},"end":{"line":84,"column":null}},"41":{"start":{"line":85,"column":6},"end":{"line":85,"column":null}},"42":{"start":{"line":86,"column":6},"end":{"line":86,"column":null}},"43":{"start":{"line":87,"column":6},"end":{"line":89,"column":null}},"44":{"start":{"line":88,"column":8},"end":{"line":88,"column":null}},"45":{"start":{"line":94,"column":4},"end":{"line":94,"column":null}},"46":{"start":{"line":98,"column":4},"end":{"line":98,"column":null}},"47":{"start":{"line":99,"column":4},"end":{"line":99,"column":null}},"48":{"start":{"line":100,"column":4},"end":{"line":100,"column":null}},"49":{"start":{"line":101,"column":4},"end":{"line":101,"column":null}},"50":{"start":{"line":105,"column":4},"end":{"line":105,"column":null}},"51":{"start":{"line":106,"column":4},"end":{"line":106,"column":null}},"52":{"start":{"line":110,"column":4},"end":{"line":110,"column":null}},"53":{"start":{"line":111,"column":4},"end":{"line":111,"column":null}}},"fnMap":{"0":{"name":"constructor","decl":{"start":{"line":21,"column":2},"end":{"line":21,"column":14}},"loc":{"start":{"line":21,"column":80},"end":{"line":27,"column":null}},"line":21},"1":{"name":"insert","decl":{"start":{"line":29,"column":2},"end":{"line":29,"column":9}},"loc":{"start":{"line":29,"column":66},"end":{"line":52,"column":null}},"line":29},"2":{"name":"lookup","decl":{"start":{"line":54,"column":2},"end":{"line":54,"column":9}},"loc":{"start":{"line":54,"column":42},"end":{"line":59,"column":null}},"line":54},"3":{"name":"erase","decl":{"start":{"line":61,"column":2},"end":{"line":61,"column":8}},"loc":{"start":{"line":61,"column":27},"end":{"line":67,"column":null}},"line":61},"4":{"name":"totalCharge","decl":{"start":{"line":69,"column":2},"end":{"line":69,"column":24}},"loc":{"start":{"line":69,"column":24},"end":{"line":71,"column":null}},"line":69},"5":{"name":"prune","decl":{"start":{"line":74,"column":2},"end":{"line":74,"column":16}},"loc":{"start":{"line":74,"column":16},"end":{"line":79,"column":null}},"line":74},"6":{"name":"makeRoom","decl":{"start":{"line":81,"column":2},"end":{"line":81,"column":10}},"loc":{"start":{"line":81,"column":41},"end":{"line":91,"column":null}},"line":81},"7":{"name":"keyString","decl":{"start":{"line":93,"column":2},"end":{"line":93,"column":10}},"loc":{"start":{"line":93,"column":41},"end":{"line":95,"column":null}},"line":93},"8":{"name":"addToList","decl":{"start":{"line":97,"column":2},"end":{"line":97,"column":10}},"loc":{"start":{"line":97,"column":41},"end":{"line":102,"column":null}},"line":97},"9":{"name":"removeFromList","decl":{"start":{"line":104,"column":2},"end":{"line":104,"column":10}},"loc":{"start":{"line":104,"column":46},"end":{"line":107,"column":null}},"line":104},"10":{"name":"moveToHead","decl":{"start":{"line":109,"column":2},"end":{"line":109,"column":10}},"loc":{"start":{"line":109,"column":42},"end":{"line":112,"column":null}},"line":109}},"branchMap":{"0":{"loc":{"start":{"line":23,"column":19},"end":{"line":23,"column":null}},"type":"binary-expr","locations":[{"start":{"line":23,"column":19},"end":{"line":23,"column":30}},{"start":{"line":23,"column":30},"end":{"line":23,"column":null}}],"line":23},"1":{"loc":{"start":{"line":43,"column":11},"end":{"line":43,"column":67}},"type":"binary-expr","locations":[{"start":{"line":43,"column":11},"end":{"line":43,"column":48}},{"start":{"line":43,"column":48},"end":{"line":43,"column":67}}],"line":43},"2":{"loc":{"start":{"line":45,"column":6},"end":{"line":45,"column":null}},"type":"if","locations":[{"start":{"line":45,"column":6},"end":{"line":45,"column":null}},{"start":{},"end":{}}],"line":45},"3":{"loc":{"start":{"line":49,"column":6},"end":{"line":49,"column":null}},"type":"if","locations":[{"start":{"line":49,"column":6},"end":{"line":49,"column":null}},{"start":{},"end":{}}],"line":49},"4":{"loc":{"start":{"line":56,"column":4},"end":{"line":56,"column":null}},"type":"if","locations":[{"start":{"line":56,"column":4},"end":{"line":56,"column":null}},{"start":{},"end":{}}],"line":56},"5":{"loc":{"start":{"line":63,"column":4},"end":{"line":63,"column":null}},"type":"if","locations":[{"start":{"line":63,"column":4},"end":{"line":63,"column":null}},{"start":{},"end":{}}],"line":63},"6":{"loc":{"start":{"line":82,"column":11},"end":{"line":82,"column":76}},"type":"binary-expr","locations":[{"start":{"line":82,"column":11},"end":{"line":82,"column":57}},{"start":{"line":82,"column":57},"end":{"line":82,"column":76}}],"line":82},"7":{"loc":{"start":{"line":87,"column":6},"end":{"line":89,"column":null}},"type":"if","locations":[{"start":{"line":87,"column":6},"end":{"line":89,"column":null}},{"start":{},"end":{}}],"line":87}},"s":{"0":117,"1":117,"2":117,"3":117,"4":117,"5":117,"6":117,"7":7534,"8":7534,"9":7534,"10":7534,"11":7534,"12":7534,"13":2,"14":2,"15":0,"16":2,"17":2,"18":2,"19":2,"20":2,"21":7534,"22":7939,"23":7939,"24":7524,"25":415,"26":415,"27":3,"28":3,"29":2,"30":1,"31":1,"32":1,"33":7,"34":1,"35":1,"36":1,"37":1,"38":7534,"39":7321,"40":7321,"41":7321,"42":7321,"43":7321,"44":7321,"45":22800,"46":7949,"47":7949,"48":7949,"49":7949,"50":7739,"51":7739,"52":415,"53":415},"f":{"0":117,"1":7534,"2":7939,"3":3,"4":7,"5":1,"6":7534,"7":22800,"8":7949,"9":7739,"10":415},"b":{"0":[117,7],"1":[7534,2],"2":[0,2],"3":[2,0],"4":[7524,415],"5":[2,1],"6":[7534,7323],"7":[7321,0]},"meta":{"lastBranch":8,"lastFunction":11,"lastStatement":54,"seen":{"s:15:16:15:Infinity":0,"s:16:25:16:Infinity":1,"f:21:2:21:14":0,"s:22:4:22:Infinity":2,"s:23:4:23:Infinity":3,"b:23:19:23:30:23:30:23:Infinity":0,"s:24:4:24:Infinity":4,"s:25:4:25:Infinity":5,"s:26:4:26:Infinity":6,"f:29:2:29:9":1,"s:30:4:30:Infinity":7,"s:31:26:37:Infinity":8,"s:38:4:38:Infinity":9,"s:39:4:39:Infinity":10,"s:40:4:40:Infinity":11,"s:43:4:50:Infinity":12,"b:43:11:43:48:43:48:43:67":1,"s:44:18:44:Infinity":13,"b:45:6:45:Infinity:undefined:undefined:undefined:undefined":2,"s:45:6:45:Infinity":14,"s:45:29:45:Infinity":15,"s:46:6:46:Infinity":16,"s:47:6:47:Infinity":17,"s:48:6:48:Infinity":18,"b:49:6:49:Infinity:undefined:undefined:undefined:undefined":3,"s:49:6:49:Infinity":19,"s:49:24:49:Infinity":20,"s:51:4:51:Infinity":21,"f:54:2:54:9":2,"s:55:17:55:Infinity":22,"b:56:4:56:Infinity:undefined:undefined:undefined:undefined":4,"s:56:4:56:Infinity":23,"s:56:15:56:Infinity":24,"s:57:4:57:Infinity":25,"s:58:4:58:Infinity":26,"f:61:2:61:8":3,"s:62:17:62:Infinity":27,"b:63:4:63:Infinity:undefined:undefined:undefined:undefined":5,"s:63:4:63:Infinity":28,"s:63:15:63:Infinity":29,"s:64:4:64:Infinity":30,"s:65:4:65:Infinity":31,"s:66:4:66:Infinity":32,"f:69:2:69:24":4,"s:70:4:70:Infinity":33,"f:74:2:74:16":5,"s:75:4:75:Infinity":34,"s:76:4:76:Infinity":35,"s:77:4:77:Infinity":36,"s:78:4:78:Infinity":37,"f:81:2:81:10":6,"s:82:4:90:Infinity":38,"b:82:11:82:57:82:57:82:76":6,"s:83:18:83:Infinity":39,"s:84:6:84:Infinity":40,"s:85:6:85:Infinity":41,"s:86:6:86:Infinity":42,"b:87:6:89:Infinity:undefined:undefined:undefined:undefined":7,"s:87:6:89:Infinity":43,"s:88:8:88:Infinity":44,"f:93:2:93:10":7,"s:94:4:94:Infinity":45,"f:97:2:97:10":8,"s:98:4:98:Infinity":46,"s:99:4:99:Infinity":47,"s:100:4:100:Infinity":48,"s:101:4:101:Infinity":49,"f:104:2:104:10":9,"s:105:4:105:Infinity":50,"s:106:4:106:Infinity":51,"f:109:2:109:10":10,"s:110:4:110:Infinity":52,"s:111:4:111:Infinity":53}}}
,"C:\\Users\\28318\\Desktop\\leveldb-nodejs\\leveldb-ts\\src\\codec.ts": {"path":"C:\\Users\\28318\\Desktop\\leveldb-nodejs\\leveldb-ts\\src\\codec.ts","statementMap":{"0":{"start":{"line":6,"column":14},"end":{"line":6,"column":null}},"1":{"start":{"line":7,"column":10},"end":{"line":7,"column":null}},"2":{"start":{"line":8,"column":10},"end":{"line":8,"column":null}},"3":{"start":{"line":9,"column":2},"end":{"line":12,"column":null}},"4":{"start":{"line":10,"column":4},"end":{"line":10,"column":null}},"5":{"start":{"line":11,"column":4},"end":{"line":11,"column":null}},"6":{"start":{"line":13,"column":2},"end":{"line":13,"column":null}},"7":{"start":{"line":14,"column":2},"end":{"line":14,"column":null}},"8":{"start":{"line":18,"column":15},"end":{"line":18,"column":null}},"9":{"start":{"line":19,"column":14},"end":{"line":19,"column":null}},"10":{"start":{"line":20,"column":10},"end":{"line":20,"column":null}},"11":{"start":{"line":21,"column":2},"end":{"line":26,"column":null}},"12":{"start":{"line":22,"column":17},"end":{"line":22,"column":null}},"13":{"start":{"line":23,"column":4},"end":{"line":23,"column":null}},"14":{"start":{"line":24,"column":4},"end":{"line":24,"column":null}},"15":{"start":{"line":24,"column":29},"end":{"line":24,"column":null}},"16":{"start":{"line":25,"column":4},"end":{"line":25,"column":null}},"17":{"start":{"line":27,"column":2},"end":{"line":27,"column":null}},"18":{"start":{"line":33,"column":14},"end":{"line":33,"column":null}},"19":{"start":{"line":34,"column":10},"end":{"line":34,"column":null}},"20":{"start":{"line":35,"column":10},"end":{"line":35,"column":null}},"21":{"start":{"line":36,"column":2},"end":{"line":39,"column":null}},"22":{"start":{"line":37,"column":4},"end":{"line":37,"column":null}},"23":{"start":{"line":38,"column":4},"end":{"line":38,"column":null}},"24":{"start":{"line":40,"column":2},"end":{"line":40,"column":null}},"25":{"start":{"line":41,"column":2},"end":{"line":41,"column":null}},"26":{"start":{"line":45,"column":15},"end":{"line":45,"column":null}},"27":{"start":{"line":46,"column":14},"end":{"line":46,"column":null}},"28":{"start":{"line":47,"column":10},"end":{"line":47,"column":null}},"29":{"start":{"line":48,"column":2},"end":{"line":53,"column":null}},"30":{"start":{"line":49,"column":17},"end":{"line":49,"column":null}},"31":{"start":{"line":50,"column":4},"end":{"line":50,"column":null}},"32":{"start":{"line":51,"column":4},"end":{"line":51,"column":null}},"33":{"start":{"line":51,"column":31},"end":{"line":51,"column":null}},"34":{"start":{"line":52,"column":4},"end":{"line":52,"column":null}},"35":{"start":{"line":54,"column":2},"end":{"line":54,"column":null}},"36":{"start":{"line":60,"column":2},"end":{"line":60,"column":null}},"37":{"start":{"line":64,"column":2},"end":{"line":64,"column":null}},"38":{"start":{"line":69,"column":6},"end":{"line":79,"column":null}},"39":{"start":{"line":70,"column":16},"end":{"line":70,"column":null}},"40":{"start":{"line":71,"column":2},"end":{"line":77,"column":null}},"41":{"start":{"line":71,"column":15},"end":{"line":71,"column":18}},"42":{"start":{"line":72,"column":12},"end":{"line":72,"column":null}},"43":{"start":{"line":73,"column":4},"end":{"line":75,"column":null}},"44":{"start":{"line":73,"column":17},"end":{"line":73,"column":20}},"45":{"start":{"line":74,"column":6},"end":{"line":74,"column":null}},"46":{"start":{"line":76,"column":4},"end":{"line":76,"column":null}},"47":{"start":{"line":78,"column":2},"end":{"line":78,"column":null}},"48":{"start":{"line":82,"column":12},"end":{"line":82,"column":null}},"49":{"start":{"line":83,"column":2},"end":{"line":85,"column":null}},"50":{"start":{"line":83,"column":15},"end":{"line":83,"column":18}},"51":{"start":{"line":84,"column":4},"end":{"line":84,"column":null}},"52":{"start":{"line":86,"column":2},"end":{"line":86,"column":null}},"53":{"start":{"line":91,"column":2},"end":{"line":91,"column":null}},"54":{"start":{"line":95,"column":15},"end":{"line":95,"column":null}},"55":{"start":{"line":96,"column":2},"end":{"line":96,"column":null}},"56":{"start":{"line":102,"column":2},"end":{"line":102,"column":null}},"57":{"start":{"line":102,"column":28},"end":{"line":102,"column":null}},"58":{"start":{"line":103,"column":2},"end":{"line":103,"column":null}},"59":{"start":{"line":103,"column":27},"end":{"line":103,"column":null}},"60":{"start":{"line":104,"column":2},"end":{"line":104,"column":null}},"61":{"start":{"line":108,"column":2},"end":{"line":108,"column":null}},"62":{"start":{"line":108,"column":29},"end":{"line":108,"column":null}},"63":{"start":{"line":109,"column":2},"end":{"line":109,"column":null}},"64":{"start":{"line":113,"column":2},"end":{"line":113,"column":null}},"65":{"start":{"line":113,"column":30},"end":{"line":113,"column":null}},"66":{"start":{"line":114,"column":2},"end":{"line":114,"column":null}},"67":{"start":{"line":114,"column":27},"end":{"line":114,"column":null}},"68":{"start":{"line":115,"column":2},"end":{"line":115,"column":null}},"69":{"start":{"line":119,"column":2},"end":{"line":119,"column":null}},"70":{"start":{"line":119,"column":29},"end":{"line":119,"column":null}},"71":{"start":{"line":120,"column":2},"end":{"line":120,"column":null}}},"fnMap":{"0":{"name":"putVarint32","decl":{"start":{"line":5,"column":16},"end":{"line":5,"column":28}},"loc":{"start":{"line":5,"column":51},"end":{"line":15,"column":null}},"line":5},"1":{"name":"getVarint32","decl":{"start":{"line":17,"column":16},"end":{"line":17,"column":28}},"loc":{"start":{"line":17,"column":71},"end":{"line":28,"column":null}},"line":17},"2":{"name":"putVarint64","decl":{"start":{"line":32,"column":16},"end":{"line":32,"column":28}},"loc":{"start":{"line":32,"column":51},"end":{"line":42,"column":null}},"line":32},"3":{"name":"getVarint64","decl":{"start":{"line":44,"column":16},"end":{"line":44,"column":28}},"loc":{"start":{"line":44,"column":71},"end":{"line":55,"column":null}},"line":44},"4":{"name":"putFixed32","decl":{"start":{"line":59,"column":16},"end":{"line":59,"column":27}},"loc":{"start":{"line":59,"column":61},"end":{"line":61,"column":null}},"line":59},"5":{"name":"getFixed32","decl":{"start":{"line":63,"column":16},"end":{"line":63,"column":27}},"loc":{"start":{"line":63,"column":60},"end":{"line":65,"column":null}},"line":63},"6":{"name":"(anonymous_6)","decl":{"start":{"line":69,"column":6},"end":{"line":69,"column":38}},"loc":{"start":{"line":69,"column":38},"end":{"line":79,"column":3}},"line":69},"7":{"name":"crc32","decl":{"start":{"line":81,"column":16},"end":{"line":81,"column":22}},"loc":{"start":{"line":81,"column":44},"end":{"line":87,"column":null}},"line":81},"8":{"name":"crc32cMask","decl":{"start":{"line":89,"column":16},"end":{"line":89,"column":27}},"loc":{"start":{"line":89,"column":48},"end":{"line":92,"column":null}},"line":89},"9":{"name":"crc32cUnmask","decl":{"start":{"line":94,"column":16},"end":{"line":94,"column":29}},"loc":{"start":{"line":94,"column":53},"end":{"line":97,"column":null}},"line":94},"10":{"name":"encodeUserKey","decl":{"start":{"line":101,"column":16},"end":{"line":101,"column":30}},"loc":{"start":{"line":101,"column":80},"end":{"line":105,"column":null}},"line":101},"11":{"name":"decodeUserKey","decl":{"start":{"line":107,"column":16},"end":{"line":107,"column":30}},"loc":{"start":{"line":107,"column":80},"end":{"line":110,"column":null}},"line":107},"12":{"name":"encodeUserValue","decl":{"start":{"line":112,"column":16},"end":{"line":112,"column":32}},"loc":{"start":{"line":112,"column":84},"end":{"line":116,"column":null}},"line":112},"13":{"name":"decodeUserValue","decl":{"start":{"line":118,"column":16},"end":{"line":118,"column":32}},"loc":{"start":{"line":118,"column":84},"end":{"line":121,"column":null}},"line":118}},"branchMap":{"0":{"loc":{"start":{"line":17,"column":41},"end":{"line":17,"column":71}},"type":"default-arg","locations":[{"start":{"line":17,"column":50},"end":{"line":17,"column":71}}],"line":17},"1":{"loc":{"start":{"line":24,"column":4},"end":{"line":24,"column":null}},"type":"if","locations":[{"start":{"line":24,"column":4},"end":{"line":24,"column":null}},{"start":{},"end":{}}],"line":24},"2":{"loc":{"start":{"line":44,"column":41},"end":{"line":44,"column":71}},"type":"default-arg","locations":[{"start":{"line":44,"column":50},"end":{"line":44,"column":71}}],"line":44},"3":{"loc":{"start":{"line":51,"column":4},"end":{"line":51,"column":null}},"type":"if","locations":[{"start":{"line":51,"column":4},"end":{"line":51,"column":null}},{"start":{},"end":{}}],"line":51},"4":{"loc":{"start":{"line":63,"column":40},"end":{"line":63,"column":60}},"type":"default-arg","locations":[{"start":{"line":63,"column":49},"end":{"line":63,"column":60}}],"line":63},"5":{"loc":{"start":{"line":74,"column":10},"end":{"line":74,"column":null}},"type":"cond-expr","locations":[{"start":{"line":74,"column":19},"end":{"line":74,"column":45}},{"start":{"line":74,"column":45},"end":{"line":74,"column":null}}],"line":74},"6":{"loc":{"start":{"line":102,"column":2},"end":{"line":102,"column":null}},"type":"if","locations":[{"start":{"line":102,"column":2},"end":{"line":102,"column":null}},{"start":{},"end":{}}],"line":102},"7":{"loc":{"start":{"line":103,"column":2},"end":{"line":103,"column":null}},"type":"if","locations":[{"start":{"line":103,"column":2},"end":{"line":103,"column":null}},{"start":{},"end":{}}],"line":103},"8":{"loc":{"start":{"line":108,"column":2},"end":{"line":108,"column":null}},"type":"if","locations":[{"start":{"line":108,"column":2},"end":{"line":108,"column":null}},{"start":{},"end":{}}],"line":108},"9":{"loc":{"start":{"line":113,"column":2},"end":{"line":113,"column":null}},"type":"if","locations":[{"start":{"line":113,"column":2},"end":{"line":113,"column":null}},{"start":{},"end":{}}],"line":113},"10":{"loc":{"start":{"line":114,"column":2},"end":{"line":114,"column":null}},"type":"if","locations":[{"start":{"line":114,"column":2},"end":{"line":114,"column":null}},{"start":{},"end":{}}],"line":114},"11":{"loc":{"start":{"line":119,"column":2},"end":{"line":119,"column":null}},"type":"if","locations":[{"start":{"line":119,"column":2},"end":{"line":119,"column":null}},{"start":{},"end":{}}],"line":119}},"s":{"0":57736,"1":57736,"2":57736,"3":57736,"4":40,"5":40,"6":57736,"7":57736,"8":165796,"9":165796,"10":165796,"11":165796,"12":165829,"13":165829,"14":165829,"15":165796,"16":33,"17":165796,"18":3924,"19":3924,"20":3924,"21":3924,"22":1117,"23":1117,"24":3924,"25":3924,"26":32386,"27":32386,"28":32386,"29":32386,"30":33363,"31":33363,"32":33363,"33":32386,"34":977,"35":32386,"36":1,"37":1,"38":11,"39":11,"40":11,"41":11,"42":2816,"43":2816,"44":2816,"45":22528,"46":2816,"47":11,"48":18312,"49":18312,"50":18312,"51":1048274,"52":18312,"53":4913,"54":10932,"55":10932,"56":4979,"57":5,"58":4974,"59":4974,"60":3,"61":2,"62":1,"63":1,"64":4236,"65":4,"66":4232,"67":4232,"68":1,"69":732,"70":5,"71":727},"f":{"0":57736,"1":165796,"2":3924,"3":32386,"4":1,"5":1,"6":11,"7":18312,"8":4913,"9":10932,"10":4979,"11":2,"12":4236,"13":732},"b":{"0":[165796],"1":[165796,33],"2":[32386],"3":[32386,977],"4":[1],"5":[11264,11264],"6":[5,4974],"7":[4971,3],"8":[1,1],"9":[4,4232],"10":[4231,1],"11":[5,727]},"meta":{"lastBranch":12,"lastFunction":14,"lastStatement":72,"seen":{"f:5:16:5:28":0,"s:6:14:6:Infinity":0,"s:7:10:7:Infinity":1,"s:8:10:8:Infinity":2,"s:9:2:12:Infinity":3,"s:10:4:10:Infinity":4,"s:11:4:11:Infinity":5,"s:13:2:13:Infinity":6,"s:14:2:14:Infinity":7,"f:17:16:17:28":1,"b:17:50:17:71":0,"s:18:15:18:Infinity":8,"s:19:14:19:Infinity":9,"s:20:10:20:Infinity":10,"s:21:2:26:Infinity":11,"s:22:17:22:Infinity":12,"s:23:4:23:Infinity":13,"b:24:4:24:Infinity:undefined:undefined:undefined:undefined":1,"s:24:4:24:Infinity":14,"s:24:29:24:Infinity":15,"s:25:4:25:Infinity":16,"s:27:2:27:Infinity":17,"f:32:16:32:28":2,"s:33:14:33:Infinity":18,"s:34:10:34:Infinity":19,"s:35:10:35:Infinity":20,"s:36:2:39:Infinity":21,"s:37:4:37:Infinity":22,"s:38:4:38:Infinity":23,"s:40:2:40:Infinity":24,"s:41:2:41:Infinity":25,"f:44:16:44:28":3,"b:44:50:44:71":2,"s:45:15:45:Infinity":26,"s:46:14:46:Infinity":27,"s:47:10:47:Infinity":28,"s:48:2:53:Infinity":29,"s:49:17:49:Infinity":30,"s:50:4:50:Infinity":31,"b:51:4:51:Infinity:undefined:undefined:undefined:undefined":3,"s:51:4:51:Infinity":32,"s:51:31:51:Infinity":33,"s:52:4:52:Infinity":34,"s:54:2:54:Infinity":35,"f:59:16:59:27":4,"s:60:2:60:Infinity":36,"f:63:16:63:27":5,"b:63:49:63:60":4,"s:64:2:64:Infinity":37,"s:69:6:79:Infinity":38,"f:69:6:69:38":6,"s:70:16:70:Infinity":39,"s:71:2:77:Infinity":40,"s:71:15:71:18":41,"s:72:12:72:Infinity":42,"s:73:4:75:Infinity":43,"s:73:17:73:20":44,"s:74:6:74:Infinity":45,"b:74:19:74:45:74:45:74:Infinity":5,"s:76:4:76:Infinity":46,"s:78:2:78:Infinity":47,"f:81:16:81:22":7,"s:82:12:82:Infinity":48,"s:83:2:85:Infinity":49,"s:83:15:83:18":50,"s:84:4:84:Infinity":51,"s:86:2:86:Infinity":52,"f:89:16:89:27":8,"s:91:2:91:Infinity":53,"f:94:16:94:29":9,"s:95:15:95:Infinity":54,"s:96:2:96:Infinity":55,"f:101:16:101:30":10,"b:102:2:102:Infinity:undefined:undefined:undefined:undefined":6,"s:102:2:102:Infinity":56,"s:102:28:102:Infinity":57,"b:103:2:103:Infinity:undefined:undefined:undefined:undefined":7,"s:103:2:103:Infinity":58,"s:103:27:103:Infinity":59,"s:104:2:104:Infinity":60,"f:107:16:107:30":11,"b:108:2:108:Infinity:undefined:undefined:undefined:undefined":8,"s:108:2:108:Infinity":61,"s:108:29:108:Infinity":62,"s:109:2:109:Infinity":63,"f:112:16:112:32":12,"b:113:2:113:Infinity:undefined:undefined:undefined:undefined":9,"s:113:2:113:Infinity":64,"s:113:30:113:Infinity":65,"b:114:2:114:Infinity:undefined:undefined:undefined:undefined":10,"s:114:2:114:Infinity":66,"s:114:27:114:Infinity":67,"s:115:2:115:Infinity":68,"f:118:16:118:32":13,"b:119:2:119:Infinity:undefined:undefined:undefined:undefined":11,"s:119:2:119:Infinity":69,"s:119:29:119:Infinity":70,"s:120:2:120:Infinity":71}}}
,"C:\\Users\\28318\\Desktop\\leveldb-nodejs\\leveldb-ts\\src\\comparator.ts": {"path":"C:\\Users\\28318\\Desktop\\leveldb-nodejs\\leveldb-ts\\src\\comparator.ts","statementMap":{"0":{"start":{"line":10,"column":4},"end":{"line":10,"column":null}},"1":{"start":{"line":14,"column":4},"end":{"line":14,"column":null}},"2":{"start":{"line":19,"column":19},"end":{"line":19,"column":null}},"3":{"start":{"line":20,"column":20},"end":{"line":20,"column":null}},"4":{"start":{"line":21,"column":4},"end":{"line":23,"column":null}},"5":{"start":{"line":22,"column":6},"end":{"line":22,"column":null}},"6":{"start":{"line":24,"column":4},"end":{"line":26,"column":null}},"7":{"start":{"line":25,"column":6},"end":{"line":25,"column":null}},"8":{"start":{"line":27,"column":17},"end":{"line":27,"column":null}},"9":{"start":{"line":28,"column":4},"end":{"line":32,"column":null}},"10":{"start":{"line":29,"column":21},"end":{"line":29,"column":null}},"11":{"start":{"line":30,"column":6},"end":{"line":30,"column":null}},"12":{"start":{"line":31,"column":6},"end":{"line":31,"column":null}},"13":{"start":{"line":33,"column":4},"end":{"line":33,"column":null}},"14":{"start":{"line":38,"column":4},"end":{"line":44,"column":null}},"15":{"start":{"line":38,"column":17},"end":{"line":38,"column":33}},"16":{"start":{"line":39,"column":6},"end":{"line":43,"column":null}},"17":{"start":{"line":40,"column":23},"end":{"line":40,"column":null}},"18":{"start":{"line":41,"column":8},"end":{"line":41,"column":null}},"19":{"start":{"line":42,"column":8},"end":{"line":42,"column":null}},"20":{"start":{"line":46,"column":4},"end":{"line":46,"column":null}}},"fnMap":{"0":{"name":"name","decl":{"start":{"line":9,"column":2},"end":{"line":9,"column":17}},"loc":{"start":{"line":9,"column":17},"end":{"line":11,"column":null}},"line":9},"1":{"name":"compare","decl":{"start":{"line":13,"column":2},"end":{"line":13,"column":10}},"loc":{"start":{"line":13,"column":40},"end":{"line":15,"column":null}},"line":13},"2":{"name":"findShortestSeparator","decl":{"start":{"line":17,"column":2},"end":{"line":17,"column":24}},"loc":{"start":{"line":17,"column":62},"end":{"line":34,"column":null}},"line":17},"3":{"name":"findShortSuccessor","decl":{"start":{"line":36,"column":2},"end":{"line":36,"column":21}},"loc":{"start":{"line":36,"column":42},"end":{"line":47,"column":null}},"line":36}},"branchMap":{"0":{"loc":{"start":{"line":21,"column":11},"end":{"line":21,"column":72}},"type":"binary-expr","locations":[{"start":{"line":21,"column":11},"end":{"line":21,"column":33}},{"start":{"line":21,"column":33},"end":{"line":21,"column":72}}],"line":21},"1":{"loc":{"start":{"line":24,"column":4},"end":{"line":26,"column":null}},"type":"if","locations":[{"start":{"line":24,"column":4},"end":{"line":26,"column":null}},{"start":{},"end":{}}],"line":24},"2":{"loc":{"start":{"line":28,"column":4},"end":{"line":32,"column":null}},"type":"if","locations":[{"start":{"line":28,"column":4},"end":{"line":32,"column":null}},{"start":{},"end":{}}],"line":28},"3":{"loc":{"start":{"line":28,"column":8},"end":{"line":28,"column":88}},"type":"binary-expr","locations":[{"start":{"line":28,"column":8},"end":{"line":28,"column":23}},{"start":{"line":28,"column":23},"end":{"line":28,"column":88}}],"line":28},"4":{"loc":{"start":{"line":28,"column":35},"end":{"line":28,"column":88}},"type":"cond-expr","locations":[{"start":{"line":28,"column":62},"end":{"line":28,"column":81}},{"start":{"line":28,"column":81},"end":{"line":28,"column":88}}],"line":28},"5":{"loc":{"start":{"line":39,"column":6},"end":{"line":43,"column":null}},"type":"if","locations":[{"start":{"line":39,"column":6},"end":{"line":43,"column":null}},{"start":{},"end":{}}],"line":39}},"s":{"0":105,"1":90292,"2":3,"3":3,"4":3,"5":5,"6":3,"7":1,"8":2,"9":2,"10":1,"11":1,"12":1,"13":1,"14":4,"15":4,"16":5,"17":2,"18":2,"19":2,"20":2},"f":{"0":105,"1":90292,"2":3,"3":4},"b":{"0":[3,7],"1":[1,2],"2":[1,1],"3":[2,2],"4":[2,0],"5":[2,3]},"meta":{"lastBranch":6,"lastFunction":4,"lastStatement":21,"seen":{"f:9:2:9:17":0,"s:10:4:10:Infinity":0,"f:13:2:13:10":1,"s:14:4:14:Infinity":1,"f:17:2:17:24":2,"s:19:19:19:Infinity":2,"s:20:20:20:Infinity":3,"s:21:4:23:Infinity":4,"b:21:11:21:33:21:33:21:72":0,"s:22:6:22:Infinity":5,"b:24:4:26:Infinity:undefined:undefined:undefined:undefined":1,"s:24:4:26:Infinity":6,"s:25:6:25:Infinity":7,"s:27:17:27:Infinity":8,"b:28:4:32:Infinity:undefined:undefined:undefined:undefined":2,"s:28:4:32:Infinity":9,"b:28:8:28:23:28:23:28:88":3,"b:28:62:28:81:28:81:28:88":4,"s:29:21:29:Infinity":10,"s:30:6:30:Infinity":11,"s:31:6:31:Infinity":12,"s:33:4:33:Infinity":13,"f:36:2:36:21":3,"s:38:4:44:Infinity":14,"s:38:17:38:33":15,"b:39:6:43:Infinity:undefined:undefined:undefined:undefined":5,"s:39:6:43:Infinity":16,"s:40:23:40:Infinity":17,"s:41:8:41:Infinity":18,"s:42:8:42:Infinity":19,"s:46:4:46:Infinity":20}}}
,"C:\\Users\\28318\\Desktop\\leveldb-nodejs\\leveldb-ts\\src\\db.ts": {"path":"C:\\Users\\28318\\Desktop\\leveldb-nodejs\\leveldb-ts\\src\\db.ts","statementMap":{"0":{"start":{"line":9,"column":23},"end":{"line":9,"column":null}},"1":{"start":{"line":10,"column":4},"end":{"line":10,"column":null}},"2":{"start":{"line":14,"column":23},"end":{"line":14,"column":null}},"3":{"start":{"line":15,"column":4},"end":{"line":15,"column":null}}},"fnMap":{"0":{"name":"open","decl":{"start":{"line":8,"column":15},"end":{"line":8,"column":20}},"loc":{"start":{"line":8,"column":72},"end":{"line":11,"column":null}},"line":8},"1":{"name":"destroyDB","decl":{"start":{"line":13,"column":15},"end":{"line":13,"column":25}},"loc":{"start":{"line":13,"column":79},"end":{"line":16,"column":null}},"line":13}},"branchMap":{"0":{"loc":{"start":{"line":8,"column":34},"end":{"line":8,"column":72}},"type":"default-arg","locations":[{"start":{"line":8,"column":55},"end":{"line":8,"column":72}}],"line":8},"1":{"loc":{"start":{"line":13,"column":39},"end":{"line":13,"column":79}},"type":"default-arg","locations":[{"start":{"line":13,"column":60},"end":{"line":13,"column":79}}],"line":13}},"s":{"0":107,"1":107,"2":2,"3":2},"f":{"0":10,"1":10},"b":{"0":[107],"1":[2]},"meta":{"lastBranch":2,"lastFunction":2,"lastStatement":4,"seen":{"f:8:15:8:20":0,"b:8:55:8:72":0,"s:9:23:9:Infinity":0,"s:10:4:10:Infinity":1,"f:13:15:13:25":1,"b:13:60:13:79":1,"s:14:23:14:Infinity":2,"s:15:4:15:Infinity":3}}}
,"C:\\Users\\28318\\Desktop\\leveldb-nodejs\\leveldb-ts\\src\\db_impl.ts": {"path":"C:\\Users\\28318\\Desktop\\leveldb-nodejs\\leveldb-ts\\src\\db_impl.ts","statementMap":{"0":{"start":{"line":27,"column":42},"end":{"line":27,"column":null}},"1":{"start":{"line":29,"column":22},"end":{"line":29,"column":null}},"2":{"start":{"line":31,"column":28},"end":{"line":31,"column":null}},"3":{"start":{"line":32,"column":16},"end":{"line":32,"column":null}},"4":{"start":{"line":34,"column":19},"end":{"line":34,"column":null}},"5":{"start":{"line":35,"column":32},"end":{"line":35,"column":null}},"6":{"start":{"line":36,"column":34},"end":{"line":36,"column":null}},"7":{"start":{"line":37,"column":19},"end":{"line":37,"column":null}},"8":{"start":{"line":40,"column":44},"end":{"line":40,"column":null}},"9":{"start":{"line":41,"column":37},"end":{"line":41,"column":null}},"10":{"start":{"line":44,"column":4},"end":{"line":44,"column":null}},"11":{"start":{"line":48,"column":15},"end":{"line":48,"column":null}},"12":{"start":{"line":49,"column":4},"end":{"line":49,"column":null}},"13":{"start":{"line":50,"column":4},"end":{"line":50,"column":null}},"14":{"start":{"line":52,"column":4},"end":{"line":58,"column":null}},"15":{"start":{"line":53,"column":6},"end":{"line":55,"column":null}},"16":{"start":{"line":54,"column":8},"end":{"line":54,"column":null}},"17":{"start":{"line":56,"column":11},"end":{"line":58,"column":null}},"18":{"start":{"line":57,"column":6},"end":{"line":57,"column":null}},"19":{"start":{"line":61,"column":4},"end":{"line":61,"column":null}},"20":{"start":{"line":62,"column":4},"end":{"line":62,"column":null}},"21":{"start":{"line":65,"column":4},"end":{"line":65,"column":null}},"22":{"start":{"line":66,"column":4},"end":{"line":66,"column":null}},"23":{"start":{"line":69,"column":4},"end":{"line":82,"column":null}},"24":{"start":{"line":70,"column":25},"end":{"line":70,"column":null}},"25":{"start":{"line":71,"column":6},"end":{"line":71,"column":null}},"26":{"start":{"line":73,"column":6},"end":{"line":73,"column":null}},"27":{"start":{"line":74,"column":6},"end":{"line":78,"column":null}},"28":{"start":{"line":76,"column":8},"end":{"line":76,"column":null}},"29":{"start":{"line":77,"column":8},"end":{"line":77,"column":null}},"30":{"start":{"line":79,"column":6},"end":{"line":79,"column":null}},"31":{"start":{"line":85,"column":10},"end":{"line":87,"column":null}},"32":{"start":{"line":86,"column":38},"end":{"line":86,"column":56}},"33":{"start":{"line":89,"column":4},"end":{"line":114,"column":null}},"34":{"start":{"line":90,"column":6},"end":{"line":90,"column":null}},"35":{"start":{"line":91,"column":6},"end":{"line":110,"column":null}},"36":{"start":{"line":92,"column":14},"end":{"line":92,"column":null}},"37":{"start":{"line":93,"column":8},"end":{"line":105,"column":null}},"38":{"start":{"line":94,"column":25},"end":{"line":94,"column":null}},"39":{"start":{"line":96,"column":10},"end":{"line":102,"column":null}},"40":{"start":{"line":97,"column":26},"end":{"line":97,"column":null}},"41":{"start":{"line":98,"column":12},"end":{"line":98,"column":null}},"42":{"start":{"line":99,"column":12},"end":{"line":101,"column":null}},"43":{"start":{"line":100,"column":14},"end":{"line":100,"column":null}},"44":{"start":{"line":107,"column":8},"end":{"line":109,"column":null}},"45":{"start":{"line":108,"column":10},"end":{"line":108,"column":null}},"46":{"start":{"line":108,"column":16},"end":{"line":108,"column":37}},"47":{"start":{"line":111,"column":6},"end":{"line":111,"column":null}},"48":{"start":{"line":113,"column":6},"end":{"line":113,"column":null}},"49":{"start":{"line":117,"column":4},"end":{"line":117,"column":null}},"50":{"start":{"line":118,"column":10},"end":{"line":118,"column":null}},"51":{"start":{"line":119,"column":4},"end":{"line":119,"column":null}},"52":{"start":{"line":121,"column":4},"end":{"line":121,"column":null}},"53":{"start":{"line":125,"column":4},"end":{"line":125,"column":null}},"54":{"start":{"line":125,"column":27},"end":{"line":125,"column":null}},"55":{"start":{"line":126,"column":10},"end":{"line":126,"column":null}},"56":{"start":{"line":127,"column":4},"end":{"line":130,"column":null}},"57":{"start":{"line":128,"column":12},"end":{"line":128,"column":null}},"58":{"start":{"line":129,"column":6},"end":{"line":129,"column":null}},"59":{"start":{"line":129,"column":12},"end":{"line":129,"column":34}},"60":{"start":{"line":131,"column":4},"end":{"line":131,"column":null}},"61":{"start":{"line":131,"column":10},"end":{"line":131,"column":27}},"62":{"start":{"line":137,"column":10},"end":{"line":137,"column":null}},"63":{"start":{"line":138,"column":17},"end":{"line":138,"column":null}},"64":{"start":{"line":139,"column":21},"end":{"line":139,"column":null}},"65":{"start":{"line":142,"column":22},"end":{"line":142,"column":null}},"66":{"start":{"line":143,"column":4},"end":{"line":146,"column":null}},"67":{"start":{"line":144,"column":6},"end":{"line":144,"column":null}},"68":{"start":{"line":144,"column":54},"end":{"line":144,"column":null}},"69":{"start":{"line":145,"column":6},"end":{"line":145,"column":null}},"70":{"start":{"line":149,"column":4},"end":{"line":155,"column":null}},"71":{"start":{"line":150,"column":24},"end":{"line":150,"column":null}},"72":{"start":{"line":151,"column":6},"end":{"line":154,"column":null}},"73":{"start":{"line":152,"column":8},"end":{"line":152,"column":null}},"74":{"start":{"line":152,"column":56},"end":{"line":152,"column":null}},"75":{"start":{"line":153,"column":8},"end":{"line":153,"column":null}},"76":{"start":{"line":158,"column":16},"end":{"line":158,"column":null}},"77":{"start":{"line":159,"column":4},"end":{"line":159,"column":null}},"78":{"start":{"line":159,"column":22},"end":{"line":159,"column":null}},"79":{"start":{"line":160,"column":4},"end":{"line":160,"column":null}},"80":{"start":{"line":164,"column":27},"end":{"line":164,"column":null}},"81":{"start":{"line":165,"column":4},"end":{"line":183,"column":null}},"82":{"start":{"line":165,"column":21},"end":{"line":165,"column":24}},"83":{"start":{"line":166,"column":20},"end":{"line":166,"column":null}},"84":{"start":{"line":167,"column":6},"end":{"line":167,"column":null}},"85":{"start":{"line":167,"column":30},"end":{"line":167,"column":null}},"86":{"start":{"line":169,"column":6},"end":{"line":182,"column":null}},"87":{"start":{"line":171,"column":8},"end":{"line":174,"column":null}},"88":{"start":{"line":171,"column":21},"end":{"line":171,"column":39}},"89":{"start":{"line":172,"column":25},"end":{"line":172,"column":null}},"90":{"start":{"line":173,"column":10},"end":{"line":173,"column":null}},"91":{"start":{"line":173,"column":36},"end":{"line":173,"column":null}},"92":{"start":{"line":177,"column":21},"end":{"line":177,"column":null}},"93":{"start":{"line":178,"column":8},"end":{"line":181,"column":null}},"94":{"start":{"line":179,"column":25},"end":{"line":179,"column":null}},"95":{"start":{"line":180,"column":10},"end":{"line":180,"column":null}},"96":{"start":{"line":180,"column":36},"end":{"line":180,"column":null}},"97":{"start":{"line":184,"column":4},"end":{"line":184,"column":null}},"98":{"start":{"line":192,"column":10},"end":{"line":192,"column":null}},"99":{"start":{"line":193,"column":4},"end":{"line":195,"column":null}},"100":{"start":{"line":194,"column":6},"end":{"line":194,"column":null}},"101":{"start":{"line":197,"column":18},"end":{"line":197,"column":null}},"102":{"start":{"line":200,"column":17},"end":{"line":200,"column":null}},"103":{"start":{"line":201,"column":10},"end":{"line":201,"column":null}},"104":{"start":{"line":202,"column":4},"end":{"line":202,"column":null}},"105":{"start":{"line":203,"column":4},"end":{"line":203,"column":null}},"106":{"start":{"line":203,"column":23},"end":{"line":203,"column":null}},"107":{"start":{"line":205,"column":21},"end":{"line":205,"column":null}},"108":{"start":{"line":206,"column":10},"end":{"line":206,"column":null}},"109":{"start":{"line":209,"column":4},"end":{"line":220,"column":null}},"110":{"start":{"line":210,"column":6},"end":{"line":214,"column":null}},"111":{"start":{"line":211,"column":8},"end":{"line":213,"column":null}},"112":{"start":{"line":215,"column":6},"end":{"line":219,"column":null}},"113":{"start":{"line":216,"column":8},"end":{"line":218,"column":null}},"114":{"start":{"line":222,"column":4},"end":{"line":222,"column":null}},"115":{"start":{"line":222,"column":54},"end":{"line":222,"column":null}},"116":{"start":{"line":223,"column":4},"end":{"line":223,"column":null}},"117":{"start":{"line":223,"column":37},"end":{"line":223,"column":null}},"118":{"start":{"line":225,"column":4},"end":{"line":225,"column":null}},"119":{"start":{"line":225,"column":50},"end":{"line":225,"column":null}},"120":{"start":{"line":226,"column":4},"end":{"line":226,"column":null}},"121":{"start":{"line":230,"column":13},"end":{"line":230,"column":null}},"122":{"start":{"line":231,"column":13},"end":{"line":231,"column":null}},"123":{"start":{"line":232,"column":4},"end":{"line":245,"column":null}},"124":{"start":{"line":233,"column":18},"end":{"line":233,"column":null}},"125":{"start":{"line":234,"column":16},"end":{"line":234,"column":null}},"126":{"start":{"line":236,"column":12},"end":{"line":236,"column":null}},"127":{"start":{"line":237,"column":12},"end":{"line":237,"column":null}},"128":{"start":{"line":238,"column":6},"end":{"line":244,"column":null}},"129":{"start":{"line":239,"column":8},"end":{"line":239,"column":null}},"130":{"start":{"line":240,"column":13},"end":{"line":244,"column":null}},"131":{"start":{"line":241,"column":8},"end":{"line":241,"column":null}},"132":{"start":{"line":243,"column":8},"end":{"line":243,"column":null}},"133":{"start":{"line":246,"column":4},"end":{"line":246,"column":null}},"134":{"start":{"line":252,"column":18},"end":{"line":252,"column":null}},"135":{"start":{"line":253,"column":4},"end":{"line":256,"column":null}},"136":{"start":{"line":257,"column":4},"end":{"line":257,"column":null}},"137":{"start":{"line":261,"column":18},"end":{"line":261,"column":null}},"138":{"start":{"line":262,"column":4},"end":{"line":262,"column":null}},"139":{"start":{"line":263,"column":4},"end":{"line":263,"column":null}},"140":{"start":{"line":267,"column":17},"end":{"line":267,"column":null}},"141":{"start":{"line":269,"column":17},"end":{"line":269,"column":null}},"142":{"start":{"line":271,"column":4},"end":{"line":271,"column":null}},"143":{"start":{"line":271,"column":52},"end":{"line":271,"column":80}},"144":{"start":{"line":272,"column":4},"end":{"line":272,"column":null}},"145":{"start":{"line":274,"column":4},"end":{"line":297,"column":null}},"146":{"start":{"line":275,"column":4},"end":{"line":275,"column":null}},"147":{"start":{"line":278,"column":19},"end":{"line":278,"column":null}},"148":{"start":{"line":279,"column":4},"end":{"line":279,"column":null}},"149":{"start":{"line":282,"column":4},"end":{"line":284,"column":null}},"150":{"start":{"line":283,"column":6},"end":{"line":283,"column":null}},"151":{"start":{"line":287,"column":4},"end":{"line":289,"column":null}},"152":{"start":{"line":288,"column":6},"end":{"line":288,"column":null}},"153":{"start":{"line":292,"column":4},"end":{"line":294,"column":null}},"154":{"start":{"line":293,"column":6},"end":{"line":293,"column":null}},"155":{"start":{"line":296,"column":6},"end":{"line":296,"column":null}},"156":{"start":{"line":303,"column":17},"end":{"line":303,"column":null}},"157":{"start":{"line":304,"column":33},"end":{"line":304,"column":null}},"158":{"start":{"line":307,"column":4},"end":{"line":307,"column":null}},"159":{"start":{"line":310,"column":4},"end":{"line":312,"column":null}},"160":{"start":{"line":311,"column":6},"end":{"line":311,"column":null}},"161":{"start":{"line":315,"column":27},"end":{"line":315,"column":null}},"162":{"start":{"line":316,"column":19},"end":{"line":316,"column":null}},"163":{"start":{"line":317,"column":23},"end":{"line":317,"column":null}},"164":{"start":{"line":318,"column":16},"end":{"line":318,"column":null}},"165":{"start":{"line":320,"column":27},"end":{"line":336,"column":null}},"166":{"start":{"line":321,"column":33},"end":{"line":321,"column":null}},"167":{"start":{"line":322,"column":6},"end":{"line":334,"column":null}},"168":{"start":{"line":322,"column":23},"end":{"line":322,"column":26}},"169":{"start":{"line":323,"column":22},"end":{"line":323,"column":null}},"170":{"start":{"line":324,"column":8},"end":{"line":333,"column":null}},"171":{"start":{"line":325,"column":16},"end":{"line":325,"column":null}},"172":{"start":{"line":326,"column":10},"end":{"line":326,"column":null}},"173":{"start":{"line":326,"column":31},"end":{"line":326,"column":null}},"174":{"start":{"line":327,"column":10},"end":{"line":332,"column":null}},"175":{"start":{"line":328,"column":26},"end":{"line":328,"column":null}},"176":{"start":{"line":329,"column":12},"end":{"line":329,"column":null}},"177":{"start":{"line":335,"column":6},"end":{"line":335,"column":null}},"178":{"start":{"line":338,"column":20},"end":{"line":338,"column":null}},"179":{"start":{"line":339,"column":4},"end":{"line":339,"column":null}},"180":{"start":{"line":345,"column":17},"end":{"line":348,"column":null}},"181":{"start":{"line":346,"column":18},"end":{"line":346,"column":null}},"182":{"start":{"line":347,"column":6},"end":{"line":347,"column":null}},"183":{"start":{"line":347,"column":20},"end":{"line":347,"column":null}},"184":{"start":{"line":349,"column":4},"end":{"line":349,"column":null}},"185":{"start":{"line":350,"column":4},"end":{"line":350,"column":null}},"186":{"start":{"line":354,"column":16},"end":{"line":354,"column":null}},"187":{"start":{"line":355,"column":4},"end":{"line":355,"column":null}},"188":{"start":{"line":355,"column":18},"end":{"line":355,"column":null}},"189":{"start":{"line":361,"column":20},"end":{"line":361,"column":null}},"190":{"start":{"line":363,"column":4},"end":{"line":365,"column":null}},"191":{"start":{"line":364,"column":6},"end":{"line":364,"column":null}},"192":{"start":{"line":367,"column":4},"end":{"line":375,"column":null}},"193":{"start":{"line":368,"column":30},"end":{"line":368,"column":null}},"194":{"start":{"line":369,"column":6},"end":{"line":373,"column":null}},"195":{"start":{"line":369,"column":23},"end":{"line":369,"column":26}},"196":{"start":{"line":370,"column":22},"end":{"line":370,"column":null}},"197":{"start":{"line":371,"column":26},"end":{"line":371,"column":null}},"198":{"start":{"line":371,"column":51},"end":{"line":371,"column":69}},"199":{"start":{"line":372,"column":8},"end":{"line":372,"column":null}},"200":{"start":{"line":374,"column":6},"end":{"line":374,"column":null}},"201":{"start":{"line":377,"column":4},"end":{"line":381,"column":null}},"202":{"start":{"line":378,"column":20},"end":{"line":378,"column":null}},"203":{"start":{"line":379,"column":6},"end":{"line":379,"column":null}},"204":{"start":{"line":379,"column":50},"end":{"line":379,"column":null}},"205":{"start":{"line":380,"column":6},"end":{"line":380,"column":null}},"206":{"start":{"line":383,"column":4},"end":{"line":391,"column":null}},"207":{"start":{"line":384,"column":30},"end":{"line":384,"column":null}},"208":{"start":{"line":385,"column":6},"end":{"line":389,"column":null}},"209":{"start":{"line":385,"column":23},"end":{"line":385,"column":26}},"210":{"start":{"line":386,"column":8},"end":{"line":388,"column":null}},"211":{"start":{"line":387,"column":10},"end":{"line":387,"column":null}},"212":{"start":{"line":390,"column":6},"end":{"line":390,"column":null}},"213":{"start":{"line":393,"column":4},"end":{"line":393,"column":null}},"214":{"start":{"line":397,"column":20},"end":{"line":397,"column":null}},"215":{"start":{"line":398,"column":29},"end":{"line":398,"column":null}},"216":{"start":{"line":399,"column":4},"end":{"line":411,"column":null}},"217":{"start":{"line":400,"column":17},"end":{"line":400,"column":null}},"218":{"start":{"line":401,"column":6},"end":{"line":409,"column":null}},"219":{"start":{"line":401,"column":23},"end":{"line":401,"column":26}},"220":{"start":{"line":402,"column":8},"end":{"line":408,"column":null}},"221":{"start":{"line":403,"column":16},"end":{"line":403,"column":null}},"222":{"start":{"line":404,"column":16},"end":{"line":404,"column":null}},"223":{"start":{"line":405,"column":10},"end":{"line":405,"column":null}},"224":{"start":{"line":405,"column":53},"end":{"line":405,"column":null}},"225":{"start":{"line":406,"column":10},"end":{"line":406,"column":null}},"226":{"start":{"line":406,"column":55},"end":{"line":406,"column":null}},"227":{"start":{"line":407,"column":10},"end":{"line":407,"column":null}},"228":{"start":{"line":410,"column":6},"end":{"line":410,"column":null}},"229":{"start":{"line":412,"column":4},"end":{"line":412,"column":null}},"230":{"start":{"line":416,"column":4},"end":{"line":434,"column":null}},"231":{"start":{"line":416,"column":21},"end":{"line":416,"column":24}},"232":{"start":{"line":417,"column":22},"end":{"line":417,"column":null}},"233":{"start":{"line":418,"column":20},"end":{"line":418,"column":null}},"234":{"start":{"line":419,"column":6},"end":{"line":419,"column":null}},"235":{"start":{"line":419,"column":30},"end":{"line":419,"column":null}},"236":{"start":{"line":421,"column":23},"end":{"line":421,"column":null}},"237":{"start":{"line":422,"column":6},"end":{"line":430,"column":null}},"238":{"start":{"line":423,"column":8},"end":{"line":429,"column":null}},"239":{"start":{"line":424,"column":16},"end":{"line":424,"column":null}},"240":{"start":{"line":425,"column":16},"end":{"line":425,"column":null}},"241":{"start":{"line":426,"column":10},"end":{"line":426,"column":null}},"242":{"start":{"line":426,"column":54},"end":{"line":426,"column":null}},"243":{"start":{"line":427,"column":10},"end":{"line":427,"column":null}},"244":{"start":{"line":427,"column":56},"end":{"line":427,"column":null}},"245":{"start":{"line":428,"column":10},"end":{"line":428,"column":null}},"246":{"start":{"line":432,"column":6},"end":{"line":432,"column":null}},"247":{"start":{"line":432,"column":35},"end":{"line":432,"column":null}},"248":{"start":{"line":433,"column":6},"end":{"line":433,"column":null}},"249":{"start":{"line":441,"column":4},"end":{"line":441,"column":null}},"250":{"start":{"line":442,"column":4},"end":{"line":442,"column":null}},"251":{"start":{"line":445,"column":4},"end":{"line":445,"column":null}},"252":{"start":{"line":448,"column":4},"end":{"line":448,"column":null}},"253":{"start":{"line":452,"column":23},"end":{"line":452,"column":null}},"254":{"start":{"line":453,"column":10},"end":{"line":453,"column":null}},"255":{"start":{"line":454,"column":20},"end":{"line":454,"column":null}},"256":{"start":{"line":456,"column":17},"end":{"line":456,"column":null}},"257":{"start":{"line":457,"column":4},"end":{"line":457,"column":null}},"258":{"start":{"line":458,"column":34},"end":{"line":458,"column":null}},"259":{"start":{"line":459,"column":33},"end":{"line":459,"column":null}},"260":{"start":{"line":461,"column":4},"end":{"line":468,"column":null}},"261":{"start":{"line":462,"column":18},"end":{"line":462,"column":null}},"262":{"start":{"line":463,"column":20},"end":{"line":463,"column":null}},"263":{"start":{"line":464,"column":6},"end":{"line":464,"column":null}},"264":{"start":{"line":464,"column":21},"end":{"line":464,"column":null}},"265":{"start":{"line":465,"column":6},"end":{"line":465,"column":null}},"266":{"start":{"line":466,"column":6},"end":{"line":466,"column":null}},"267":{"start":{"line":467,"column":6},"end":{"line":467,"column":null}},"268":{"start":{"line":470,"column":4},"end":{"line":473,"column":null}},"269":{"start":{"line":472,"column":6},"end":{"line":472,"column":null}},"270":{"start":{"line":475,"column":4},"end":{"line":475,"column":null}},"271":{"start":{"line":477,"column":10},"end":{"line":477,"column":null}},"272":{"start":{"line":478,"column":31},"end":{"line":483,"column":null}},"273":{"start":{"line":486,"column":17},"end":{"line":486,"column":null}},"274":{"start":{"line":487,"column":4},"end":{"line":487,"column":null}},"275":{"start":{"line":488,"column":4},"end":{"line":488,"column":null}},"276":{"start":{"line":491,"column":4},"end":{"line":493,"column":null}},"277":{"start":{"line":492,"column":6},"end":{"line":492,"column":null}},"278":{"start":{"line":499,"column":4},"end":{"line":512,"column":null}},"279":{"start":{"line":500,"column":18},"end":{"line":500,"column":null}},"280":{"start":{"line":502,"column":14},"end":{"line":502,"column":null}},"281":{"start":{"line":503,"column":14},"end":{"line":503,"column":null}},"282":{"start":{"line":504,"column":18},"end":{"line":504,"column":null}},"283":{"start":{"line":505,"column":8},"end":{"line":505,"column":null}},"284":{"start":{"line":505,"column":21},"end":{"line":505,"column":null}},"285":{"start":{"line":506,"column":8},"end":{"line":506,"column":null}},"286":{"start":{"line":506,"column":39},"end":{"line":506,"column":null}},"287":{"start":{"line":507,"column":8},"end":{"line":507,"column":null}},"288":{"start":{"line":507,"column":39},"end":{"line":507,"column":null}},"289":{"start":{"line":508,"column":8},"end":{"line":508,"column":null}},"290":{"start":{"line":510,"column":35},"end":{"line":510,"column":null}},"291":{"start":{"line":511,"column":32},"end":{"line":511,"column":null}},"292":{"start":{"line":516,"column":4},"end":{"line":516,"column":null}},"293":{"start":{"line":516,"column":21},"end":{"line":516,"column":null}},"294":{"start":{"line":517,"column":4},"end":{"line":517,"column":null}},"295":{"start":{"line":520,"column":4},"end":{"line":526,"column":null}},"296":{"start":{"line":521,"column":6},"end":{"line":525,"column":null}},"297":{"start":{"line":522,"column":8},"end":{"line":522,"column":null}},"298":{"start":{"line":528,"column":4},"end":{"line":535,"column":null}},"299":{"start":{"line":529,"column":6},"end":{"line":534,"column":null}},"300":{"start":{"line":530,"column":8},"end":{"line":530,"column":null}},"301":{"start":{"line":531,"column":8},"end":{"line":531,"column":null}},"302":{"start":{"line":538,"column":4},"end":{"line":545,"column":null}},"303":{"start":{"line":539,"column":6},"end":{"line":543,"column":null}},"304":{"start":{"line":540,"column":8},"end":{"line":540,"column":null}},"305":{"start":{"line":544,"column":6},"end":{"line":544,"column":null}},"306":{"start":{"line":546,"column":4},"end":{"line":546,"column":null}}},"fnMap":{"0":{"name":"constructor","decl":{"start":{"line":43,"column":2},"end":{"line":43,"column":10}},"loc":{"start":{"line":43,"column":24},"end":{"line":45,"column":null}},"line":43},"1":{"name":"open","decl":{"start":{"line":47,"column":15},"end":{"line":47,"column":20}},"loc":{"start":{"line":47,"column":71},"end":{"line":122,"column":null}},"line":47},"2":{"name":"(anonymous_2)","decl":{"start":{"line":74,"column":29},"end":{"line":74,"column":44}},"loc":{"start":{"line":74,"column":44},"end":{"line":78,"column":7}},"line":74},"3":{"name":"(anonymous_3)","decl":{"start":{"line":76,"column":46},"end":{"line":76,"column":58}},"loc":{"start":{"line":76,"column":58},"end":{"line":76,"column":60}},"line":76},"4":{"name":"(anonymous_4)","decl":{"start":{"line":86,"column":26},"end":{"line":86,"column":33}},"loc":{"start":{"line":86,"column":38},"end":{"line":86,"column":56}},"line":86},"5":{"name":"(anonymous_5)","decl":{"start":{"line":99,"column":18},"end":{"line":99,"column":27}},"loc":{"start":{"line":99,"column":48},"end":{"line":101,"column":13}},"line":99},"6":{"name":"destroyDB","decl":{"start":{"line":124,"column":15},"end":{"line":124,"column":25}},"loc":{"start":{"line":124,"column":99},"end":{"line":132,"column":null}},"line":124},"7":{"name":"get","decl":{"start":{"line":136,"column":8},"end":{"line":136,"column":12}},"loc":{"start":{"line":136,"column":94},"end":{"line":161,"column":null}},"line":136},"8":{"name":"sstableGet","decl":{"start":{"line":163,"column":16},"end":{"line":163,"column":27}},"loc":{"start":{"line":163,"column":90},"end":{"line":185,"column":null}},"line":163},"9":{"name":"lookupFile","decl":{"start":{"line":187,"column":16},"end":{"line":187,"column":null}},"loc":{"start":{"line":191,"column":40},"end":{"line":227,"column":null}},"line":191},"10":{"name":"findFile","decl":{"start":{"line":229,"column":2},"end":{"line":229,"column":10}},"loc":{"start":{"line":229,"column":76},"end":{"line":247,"column":null}},"line":229},"11":{"name":"put","decl":{"start":{"line":251,"column":8},"end":{"line":251,"column":12}},"loc":{"start":{"line":251,"column":101},"end":{"line":258,"column":null}},"line":251},"12":{"name":"delete","decl":{"start":{"line":260,"column":8},"end":{"line":260,"column":15}},"loc":{"start":{"line":260,"column":80},"end":{"line":264,"column":null}},"line":260},"13":{"name":"write","decl":{"start":{"line":266,"column":8},"end":{"line":266,"column":14}},"loc":{"start":{"line":266,"column":76},"end":{"line":298,"column":null}},"line":266},"14":{"name":"(anonymous_14)","decl":{"start":{"line":271,"column":25},"end":{"line":271,"column":39}},"loc":{"start":{"line":271,"column":50},"end":{"line":271,"column":81}},"line":271},"15":{"name":"(anonymous_15)","decl":{"start":{"line":287,"column":10},"end":{"line":287,"column":19}},"loc":{"start":{"line":287,"column":40},"end":{"line":289,"column":5}},"line":287},"16":{"name":"iterator","decl":{"start":{"line":302,"column":2},"end":{"line":302,"column":11}},"loc":{"start":{"line":302,"column":44},"end":{"line":340,"column":null}},"line":302},"17":{"name":"(anonymous_17)","decl":{"start":{"line":320,"column":27},"end":{"line":320,"column":60}},"loc":{"start":{"line":320,"column":60},"end":{"line":336,"column":null}},"line":320},"18":{"name":"getSnapshot","decl":{"start":{"line":344,"column":2},"end":{"line":344,"column":26}},"loc":{"start":{"line":344,"column":26},"end":{"line":351,"column":null}},"line":344},"19":{"name":"(anonymous_19)","decl":{"start":{"line":345,"column":35},"end":{"line":345,"column":46}},"loc":{"start":{"line":345,"column":46},"end":{"line":348,"column":5}},"line":345},"20":{"name":"releaseSnapshot","decl":{"start":{"line":353,"column":2},"end":{"line":353,"column":18}},"loc":{"start":{"line":353,"column":44},"end":{"line":356,"column":null}},"line":353},"21":{"name":"getProperty","decl":{"start":{"line":360,"column":2},"end":{"line":360,"column":14}},"loc":{"start":{"line":360,"column":40},"end":{"line":394,"column":null}},"line":360},"22":{"name":"(anonymous_22)","decl":{"start":{"line":371,"column":32},"end":{"line":371,"column":40}},"loc":{"start":{"line":371,"column":51},"end":{"line":371,"column":69}},"line":371},"23":{"name":"getApproximateSizes","decl":{"start":{"line":396,"column":2},"end":{"line":396,"column":22}},"loc":{"start":{"line":396,"column":49},"end":{"line":413,"column":null}},"line":396},"24":{"name":"compactRange","decl":{"start":{"line":415,"column":8},"end":{"line":415,"column":21}},"loc":{"start":{"line":415,"column":66},"end":{"line":435,"column":null}},"line":415},"25":{"name":"(anonymous_25)","decl":{"start":{"line":423,"column":27},"end":{"line":423,"column":34}},"loc":{"start":{"line":423,"column":39},"end":{"line":429,"column":9}},"line":423},"26":{"name":"makeRoomForWrite","decl":{"start":{"line":439,"column":16},"end":{"line":439,"column":50}},"loc":{"start":{"line":439,"column":50},"end":{"line":449,"column":null}},"line":439},"27":{"name":"flushMemTable","decl":{"start":{"line":451,"column":16},"end":{"line":451,"column":30}},"loc":{"start":{"line":451,"column":60},"end":{"line":494,"column":null}},"line":451},"28":{"name":"(anonymous_28)","decl":{"start":{"line":492,"column":46},"end":{"line":492,"column":58}},"loc":{"start":{"line":492,"column":58},"end":{"line":492,"column":60}},"line":492},"29":{"name":"makeInternalComparator","decl":{"start":{"line":498,"column":2},"end":{"line":498,"column":10}},"loc":{"start":{"line":498,"column":66},"end":{"line":513,"column":null}},"line":498},"30":{"name":"(anonymous_30)","decl":{"start":{"line":500,"column":6},"end":{"line":500,"column":18}},"loc":{"start":{"line":500,"column":18},"end":{"line":500,"column":null}},"line":500},"31":{"name":"(anonymous_31)","decl":{"start":{"line":501,"column":6},"end":{"line":501,"column":16}},"loc":{"start":{"line":501,"column":41},"end":{"line":509,"column":null}},"line":501},"32":{"name":"(anonymous_32)","decl":{"start":{"line":510,"column":6},"end":{"line":510,"column":35}},"loc":{"start":{"line":510,"column":35},"end":{"line":510,"column":null}},"line":510},"33":{"name":"(anonymous_33)","decl":{"start":{"line":511,"column":6},"end":{"line":511,"column":32}},"loc":{"start":{"line":511,"column":32},"end":{"line":511,"column":null}},"line":511},"34":{"name":"close","decl":{"start":{"line":515,"column":8},"end":{"line":515,"column":31}},"loc":{"start":{"line":515,"column":31},"end":{"line":547,"column":null}},"line":515}},"branchMap":{"0":{"loc":{"start":{"line":52,"column":4},"end":{"line":58,"column":null}},"type":"if","locations":[{"start":{"line":52,"column":4},"end":{"line":58,"column":null}},{"start":{"line":56,"column":11},"end":{"line":58,"column":null}}],"line":52},"1":{"loc":{"start":{"line":53,"column":6},"end":{"line":55,"column":null}},"type":"if","locations":[{"start":{"line":53,"column":6},"end":{"line":55,"column":null}},{"start":{},"end":{}}],"line":53},"2":{"loc":{"start":{"line":56,"column":11},"end":{"line":58,"column":null}},"type":"if","locations":[{"start":{"line":56,"column":11},"end":{"line":58,"column":null}},{"start":{},"end":{}}],"line":56},"3":{"loc":{"start":{"line":85,"column":10},"end":{"line":87,"column":null}},"type":"cond-expr","locations":[{"start":{"line":85,"column":36},"end":{"line":86,"column":null}},{"start":{"line":87,"column":8},"end":{"line":87,"column":null}}],"line":85},"4":{"loc":{"start":{"line":89,"column":4},"end":{"line":114,"column":null}},"type":"if","locations":[{"start":{"line":89,"column":4},"end":{"line":114,"column":null}},{"start":{"line":112,"column":11},"end":{"line":114,"column":null}}],"line":89},"5":{"loc":{"start":{"line":107,"column":8},"end":{"line":109,"column":null}},"type":"if","locations":[{"start":{"line":107,"column":8},"end":{"line":109,"column":null}},{"start":{},"end":{}}],"line":107},"6":{"loc":{"start":{"line":125,"column":4},"end":{"line":125,"column":null}},"type":"if","locations":[{"start":{"line":125,"column":4},"end":{"line":125,"column":null}},{"start":{},"end":{}}],"line":125},"7":{"loc":{"start":{"line":136,"column":34},"end":{"line":136,"column":94}},"type":"default-arg","locations":[{"start":{"line":136,"column":57},"end":{"line":136,"column":94}}],"line":136},"8":{"loc":{"start":{"line":139,"column":21},"end":{"line":139,"column":null}},"type":"cond-expr","locations":[{"start":{"line":139,"column":37},"end":{"line":139,"column":62}},{"start":{"line":139,"column":62},"end":{"line":139,"column":null}}],"line":139},"9":{"loc":{"start":{"line":143,"column":4},"end":{"line":146,"column":null}},"type":"if","locations":[{"start":{"line":143,"column":4},"end":{"line":146,"column":null}},{"start":{},"end":{}}],"line":143},"10":{"loc":{"start":{"line":144,"column":6},"end":{"line":144,"column":null}},"type":"if","locations":[{"start":{"line":144,"column":6},"end":{"line":144,"column":null}},{"start":{},"end":{}}],"line":144},"11":{"loc":{"start":{"line":149,"column":4},"end":{"line":155,"column":null}},"type":"if","locations":[{"start":{"line":149,"column":4},"end":{"line":155,"column":null}},{"start":{},"end":{}}],"line":149},"12":{"loc":{"start":{"line":151,"column":6},"end":{"line":154,"column":null}},"type":"if","locations":[{"start":{"line":151,"column":6},"end":{"line":154,"column":null}},{"start":{},"end":{}}],"line":151},"13":{"loc":{"start":{"line":152,"column":8},"end":{"line":152,"column":null}},"type":"if","locations":[{"start":{"line":152,"column":8},"end":{"line":152,"column":null}},{"start":{},"end":{}}],"line":152},"14":{"loc":{"start":{"line":159,"column":4},"end":{"line":159,"column":null}},"type":"if","locations":[{"start":{"line":159,"column":4},"end":{"line":159,"column":null}},{"start":{},"end":{}}],"line":159},"15":{"loc":{"start":{"line":167,"column":6},"end":{"line":167,"column":null}},"type":"if","locations":[{"start":{"line":167,"column":6},"end":{"line":167,"column":null}},{"start":{},"end":{}}],"line":167},"16":{"loc":{"start":{"line":169,"column":6},"end":{"line":182,"column":null}},"type":"if","locations":[{"start":{"line":169,"column":6},"end":{"line":182,"column":null}},{"start":{"line":175,"column":13},"end":{"line":182,"column":null}}],"line":169},"17":{"loc":{"start":{"line":173,"column":10},"end":{"line":173,"column":null}},"type":"if","locations":[{"start":{"line":173,"column":10},"end":{"line":173,"column":null}},{"start":{},"end":{}}],"line":173},"18":{"loc":{"start":{"line":178,"column":8},"end":{"line":181,"column":null}},"type":"if","locations":[{"start":{"line":178,"column":8},"end":{"line":181,"column":null}},{"start":{},"end":{}}],"line":178},"19":{"loc":{"start":{"line":180,"column":10},"end":{"line":180,"column":null}},"type":"if","locations":[{"start":{"line":180,"column":10},"end":{"line":180,"column":null}},{"start":{},"end":{}}],"line":180},"20":{"loc":{"start":{"line":193,"column":4},"end":{"line":195,"column":null}},"type":"if","locations":[{"start":{"line":193,"column":4},"end":{"line":195,"column":null}},{"start":{},"end":{}}],"line":193},"21":{"loc":{"start":{"line":203,"column":4},"end":{"line":203,"column":null}},"type":"if","locations":[{"start":{"line":203,"column":4},"end":{"line":203,"column":null}},{"start":{},"end":{}}],"line":203},"22":{"loc":{"start":{"line":209,"column":4},"end":{"line":220,"column":null}},"type":"if","locations":[{"start":{"line":209,"column":4},"end":{"line":220,"column":null}},{"start":{},"end":{}}],"line":209},"23":{"loc":{"start":{"line":210,"column":6},"end":{"line":214,"column":null}},"type":"if","locations":[{"start":{"line":210,"column":6},"end":{"line":214,"column":null}},{"start":{},"end":{}}],"line":210},"24":{"loc":{"start":{"line":210,"column":10},"end":{"line":210,"column":74}},"type":"binary-expr","locations":[{"start":{"line":210,"column":10},"end":{"line":210,"column":35}},{"start":{"line":210,"column":35},"end":{"line":210,"column":74}}],"line":210},"25":{"loc":{"start":{"line":215,"column":6},"end":{"line":219,"column":null}},"type":"if","locations":[{"start":{"line":215,"column":6},"end":{"line":219,"column":null}},{"start":{},"end":{}}],"line":215},"26":{"loc":{"start":{"line":215,"column":10},"end":{"line":215,"column":93}},"type":"binary-expr","locations":[{"start":{"line":215,"column":10},"end":{"line":215,"column":54}},{"start":{"line":215,"column":54},"end":{"line":215,"column":93}}],"line":215},"27":{"loc":{"start":{"line":222,"column":4},"end":{"line":222,"column":null}},"type":"if","locations":[{"start":{"line":222,"column":4},"end":{"line":222,"column":null}},{"start":{},"end":{}}],"line":222},"28":{"loc":{"start":{"line":223,"column":4},"end":{"line":223,"column":null}},"type":"if","locations":[{"start":{"line":223,"column":4},"end":{"line":223,"column":null}},{"start":{},"end":{}}],"line":223},"29":{"loc":{"start":{"line":225,"column":4},"end":{"line":225,"column":null}},"type":"if","locations":[{"start":{"line":225,"column":4},"end":{"line":225,"column":null}},{"start":{},"end":{}}],"line":225},"30":{"loc":{"start":{"line":238,"column":6},"end":{"line":244,"column":null}},"type":"if","locations":[{"start":{"line":238,"column":6},"end":{"line":244,"column":null}},{"start":{"line":240,"column":13},"end":{"line":244,"column":null}}],"line":238},"31":{"loc":{"start":{"line":240,"column":13},"end":{"line":244,"column":null}},"type":"if","locations":[{"start":{"line":240,"column":13},"end":{"line":244,"column":null}},{"start":{"line":242,"column":13},"end":{"line":244,"column":null}}],"line":240},"32":{"loc":{"start":{"line":251,"column":58},"end":{"line":251,"column":101}},"type":"default-arg","locations":[{"start":{"line":251,"column":82},"end":{"line":251,"column":101}}],"line":251},"33":{"loc":{"start":{"line":260,"column":37},"end":{"line":260,"column":80}},"type":"default-arg","locations":[{"start":{"line":260,"column":61},"end":{"line":260,"column":80}}],"line":260},"34":{"loc":{"start":{"line":266,"column":33},"end":{"line":266,"column":76}},"type":"default-arg","locations":[{"start":{"line":266,"column":57},"end":{"line":266,"column":76}}],"line":266},"35":{"loc":{"start":{"line":282,"column":4},"end":{"line":284,"column":null}},"type":"if","locations":[{"start":{"line":282,"column":4},"end":{"line":284,"column":null}},{"start":{},"end":{}}],"line":282},"36":{"loc":{"start":{"line":292,"column":4},"end":{"line":294,"column":null}},"type":"if","locations":[{"start":{"line":292,"column":4},"end":{"line":294,"column":null}},{"start":{},"end":{}}],"line":292},"37":{"loc":{"start":{"line":310,"column":4},"end":{"line":312,"column":null}},"type":"if","locations":[{"start":{"line":310,"column":4},"end":{"line":312,"column":null}},{"start":{},"end":{}}],"line":310},"38":{"loc":{"start":{"line":326,"column":10},"end":{"line":326,"column":null}},"type":"if","locations":[{"start":{"line":326,"column":10},"end":{"line":326,"column":null}},{"start":{},"end":{}}],"line":326},"39":{"loc":{"start":{"line":338,"column":20},"end":{"line":338,"column":null}},"type":"cond-expr","locations":[{"start":{"line":338,"column":36},"end":{"line":338,"column":61}},{"start":{"line":338,"column":61},"end":{"line":338,"column":null}}],"line":338},"40":{"loc":{"start":{"line":347,"column":6},"end":{"line":347,"column":null}},"type":"if","locations":[{"start":{"line":347,"column":6},"end":{"line":347,"column":null}},{"start":{},"end":{}}],"line":347},"41":{"loc":{"start":{"line":355,"column":4},"end":{"line":355,"column":null}},"type":"if","locations":[{"start":{"line":355,"column":4},"end":{"line":355,"column":null}},{"start":{},"end":{}}],"line":355},"42":{"loc":{"start":{"line":363,"column":4},"end":{"line":365,"column":null}},"type":"if","locations":[{"start":{"line":363,"column":4},"end":{"line":365,"column":null}},{"start":{},"end":{}}],"line":363},"43":{"loc":{"start":{"line":367,"column":4},"end":{"line":375,"column":null}},"type":"if","locations":[{"start":{"line":367,"column":4},"end":{"line":375,"column":null}},{"start":{},"end":{}}],"line":367},"44":{"loc":{"start":{"line":377,"column":4},"end":{"line":381,"column":null}},"type":"if","locations":[{"start":{"line":377,"column":4},"end":{"line":381,"column":null}},{"start":{},"end":{}}],"line":377},"45":{"loc":{"start":{"line":379,"column":6},"end":{"line":379,"column":null}},"type":"if","locations":[{"start":{"line":379,"column":6},"end":{"line":379,"column":null}},{"start":{},"end":{}}],"line":379},"46":{"loc":{"start":{"line":379,"column":10},"end":{"line":379,"column":50}},"type":"binary-expr","locations":[{"start":{"line":379,"column":10},"end":{"line":379,"column":26}},{"start":{"line":379,"column":26},"end":{"line":379,"column":39}},{"start":{"line":379,"column":39},"end":{"line":379,"column":50}}],"line":379},"47":{"loc":{"start":{"line":383,"column":4},"end":{"line":391,"column":null}},"type":"if","locations":[{"start":{"line":383,"column":4},"end":{"line":391,"column":null}},{"start":{},"end":{}}],"line":383},"48":{"loc":{"start":{"line":405,"column":10},"end":{"line":405,"column":null}},"type":"if","locations":[{"start":{"line":405,"column":10},"end":{"line":405,"column":null}},{"start":{},"end":{}}],"line":405},"49":{"loc":{"start":{"line":406,"column":10},"end":{"line":406,"column":null}},"type":"if","locations":[{"start":{"line":406,"column":10},"end":{"line":406,"column":null}},{"start":{},"end":{}}],"line":406},"50":{"loc":{"start":{"line":419,"column":6},"end":{"line":419,"column":null}},"type":"if","locations":[{"start":{"line":419,"column":6},"end":{"line":419,"column":null}},{"start":{},"end":{}}],"line":419},"51":{"loc":{"start":{"line":422,"column":6},"end":{"line":430,"column":null}},"type":"if","locations":[{"start":{"line":422,"column":6},"end":{"line":430,"column":null}},{"start":{},"end":{}}],"line":422},"52":{"loc":{"start":{"line":422,"column":10},"end":{"line":422,"column":24}},"type":"binary-expr","locations":[{"start":{"line":422,"column":10},"end":{"line":422,"column":19}},{"start":{"line":422,"column":19},"end":{"line":422,"column":24}}],"line":422},"53":{"loc":{"start":{"line":426,"column":10},"end":{"line":426,"column":null}},"type":"if","locations":[{"start":{"line":426,"column":10},"end":{"line":426,"column":null}},{"start":{},"end":{}}],"line":426},"54":{"loc":{"start":{"line":426,"column":14},"end":{"line":426,"column":54}},"type":"binary-expr","locations":[{"start":{"line":426,"column":14},"end":{"line":426,"column":21}},{"start":{"line":426,"column":21},"end":{"line":426,"column":54}}],"line":426},"55":{"loc":{"start":{"line":427,"column":10},"end":{"line":427,"column":null}},"type":"if","locations":[{"start":{"line":427,"column":10},"end":{"line":427,"column":null}},{"start":{},"end":{}}],"line":427},"56":{"loc":{"start":{"line":427,"column":14},"end":{"line":427,"column":56}},"type":"binary-expr","locations":[{"start":{"line":427,"column":14},"end":{"line":427,"column":23}},{"start":{"line":427,"column":23},"end":{"line":427,"column":56}}],"line":427},"57":{"loc":{"start":{"line":432,"column":6},"end":{"line":432,"column":null}},"type":"if","locations":[{"start":{"line":432,"column":6},"end":{"line":432,"column":null}},{"start":{},"end":{}}],"line":432},"58":{"loc":{"start":{"line":464,"column":6},"end":{"line":464,"column":null}},"type":"if","locations":[{"start":{"line":464,"column":6},"end":{"line":464,"column":null}},{"start":{},"end":{}}],"line":464},"59":{"loc":{"start":{"line":470,"column":4},"end":{"line":473,"column":null}},"type":"if","locations":[{"start":{"line":470,"column":4},"end":{"line":473,"column":null}},{"start":{},"end":{}}],"line":470},"60":{"loc":{"start":{"line":470,"column":8},"end":{"line":470,"column":31}},"type":"binary-expr","locations":[{"start":{"line":470,"column":8},"end":{"line":470,"column":21}},{"start":{"line":470,"column":21},"end":{"line":470,"column":31}}],"line":470},"61":{"loc":{"start":{"line":491,"column":4},"end":{"line":493,"column":null}},"type":"if","locations":[{"start":{"line":491,"column":4},"end":{"line":493,"column":null}},{"start":{},"end":{}}],"line":491},"62":{"loc":{"start":{"line":505,"column":8},"end":{"line":505,"column":null}},"type":"if","locations":[{"start":{"line":505,"column":8},"end":{"line":505,"column":null}},{"start":{},"end":{}}],"line":505},"63":{"loc":{"start":{"line":506,"column":8},"end":{"line":506,"column":null}},"type":"if","locations":[{"start":{"line":506,"column":8},"end":{"line":506,"column":null}},{"start":{},"end":{}}],"line":506},"64":{"loc":{"start":{"line":507,"column":8},"end":{"line":507,"column":null}},"type":"if","locations":[{"start":{"line":507,"column":8},"end":{"line":507,"column":null}},{"start":{},"end":{}}],"line":507},"65":{"loc":{"start":{"line":516,"column":4},"end":{"line":516,"column":null}},"type":"if","locations":[{"start":{"line":516,"column":4},"end":{"line":516,"column":null}},{"start":{},"end":{}}],"line":516},"66":{"loc":{"start":{"line":520,"column":4},"end":{"line":526,"column":null}},"type":"if","locations":[{"start":{"line":520,"column":4},"end":{"line":526,"column":null}},{"start":{},"end":{}}],"line":520},"67":{"loc":{"start":{"line":520,"column":8},"end":{"line":520,"column":59}},"type":"binary-expr","locations":[{"start":{"line":520,"column":8},"end":{"line":520,"column":20}},{"start":{"line":520,"column":20},"end":{"line":520,"column":59}}],"line":520},"68":{"loc":{"start":{"line":528,"column":4},"end":{"line":535,"column":null}},"type":"if","locations":[{"start":{"line":528,"column":4},"end":{"line":535,"column":null}},{"start":{},"end":{}}],"line":528},"69":{"loc":{"start":{"line":538,"column":4},"end":{"line":545,"column":null}},"type":"if","locations":[{"start":{"line":538,"column":4},"end":{"line":545,"column":null}},{"start":{},"end":{}}],"line":538}},"s":{"0":107,"1":107,"2":107,"3":107,"4":107,"5":107,"6":107,"7":107,"8":107,"9":107,"10":107,"11":107,"12":107,"13":107,"14":107,"15":92,"16":2,"17":15,"18":1,"19":104,"20":104,"21":104,"22":104,"23":104,"24":104,"25":104,"26":104,"27":104,"28":12,"29":12,"30":104,"31":104,"32":306,"33":107,"34":14,"35":14,"36":14,"37":14,"38":14,"39":14,"40":1403,"41":1403,"42":1403,"43":1403,"44":14,"45":13,"46":13,"47":14,"48":90,"49":104,"50":104,"51":104,"52":104,"53":2,"54":1,"55":1,"56":1,"57":4,"58":4,"59":4,"60":1,"61":1,"62":738,"63":738,"64":738,"65":738,"66":738,"67":129,"68":4,"69":125,"70":609,"71":0,"72":0,"73":0,"74":0,"75":0,"76":609,"77":609,"78":4,"79":605,"80":609,"81":609,"82":609,"83":2451,"84":2451,"85":1844,"86":607,"87":304,"88":304,"89":7618,"90":7618,"91":302,"92":303,"93":303,"94":303,"95":303,"96":303,"97":4,"98":7921,"99":7921,"100":0,"101":7921,"102":7921,"103":7921,"104":7921,"105":7921,"106":6,"107":7915,"108":7915,"109":7915,"110":298,"111":0,"112":298,"113":0,"114":7915,"115":7310,"116":605,"117":0,"118":605,"119":0,"120":605,"121":303,"122":303,"123":303,"124":303,"125":303,"126":303,"127":303,"128":303,"129":0,"130":303,"131":0,"132":303,"133":0,"134":4235,"135":4235,"136":4235,"137":4,"138":4,"139":4,"140":4242,"141":4242,"142":4242,"143":4242,"144":4242,"145":4242,"146":4242,"147":4242,"148":4242,"149":4242,"150":1,"151":4242,"152":4248,"153":4242,"154":431,"155":4242,"156":29,"157":29,"158":29,"159":29,"160":0,"161":29,"162":29,"163":29,"164":29,"165":29,"166":27,"167":27,"168":27,"169":189,"170":189,"171":2,"172":2,"173":0,"174":2,"175":2,"176":2,"177":27,"178":29,"179":29,"180":10,"181":1,"182":1,"183":1,"184":10,"185":10,"186":9,"187":9,"188":9,"189":18,"190":18,"191":3,"192":15,"193":3,"194":3,"195":3,"196":21,"197":21,"198":1,"199":21,"200":21,"201":12,"202":10,"203":10,"204":2,"205":8,"206":2,"207":2,"208":2,"209":2,"210":14,"211":2,"212":2,"213":0,"214":4,"215":4,"216":4,"217":4,"218":4,"219":4,"220":28,"221":13,"222":13,"223":13,"224":3,"225":10,"226":0,"227":10,"228":4,"229":4,"230":10,"231":10,"232":60,"233":60,"234":60,"235":24,"236":36,"237":36,"238":12,"239":45,"240":45,"241":45,"242":29,"243":16,"244":
[...]
":3,"s:61:4:61:Infinity":32,"f:64:2:64:18":4,"s:65:4:65:Infinity":33,"f:68:2:68:32":5,"s:69:4:69:Infinity":34,"f:72:2:72:28":6,"s:73:4:73:Infinity":35,"f:76:2:76:31":7,"s:77:4:77:Infinity":36,"f:80:2:80:22":8,"s:81:4:81:Infinity":37,"f:84:8:84:20":9,"b:85:4:85:Infinity:undefined:undefined:undefined:undefined":2,"s:85:4:85:Infinity":38,"s:85:33:85:Infinity":39,"b:86:4:86:Infinity:undefined:undefined:undefined:undefined":3,"s:86:4:86:Infinity":40,"s:86:37:86:Infinity":41,"b:87:4:87:Infinity:undefined:undefined:undefined:undefined":4,"s:87:4:87:Infinity":42,"s:87:38:87:Infinity":43,"b:88:4:88:Infinity:undefined:undefined:undefined:undefined":5,"s:88:4:88:Infinity":44,"s:88:36:88:Infinity":45,"s:91:4:95:Infinity":46,"s:92:6:94:Infinity":47,"s:93:8:93:Infinity":48,"s:96:4:98:Infinity":49,"s:97:6:97:Infinity":50,"s:100:4:100:Infinity":51,"f:103:16:103:41":10,"s:104:25:104:Infinity":52,"s:105:19:105:Infinity":53,"s:107:4:113:Infinity":54,"s:108:19:108:Infinity":55,"b:109:6:111:Infinity:undefined:undefined:undefined:undefined":6,"s:109:6:111:Infinity":56,"b:109:10:109:33:109:33:109:74":7,"s:110:8:110:Infinity":57,"s:112:6:112:Infinity":58,"f:116:2:116:10":11,"b:117:4:117:Infinity:undefined:undefined:undefined:undefined":8,"s:117:4:117:Infinity":59,"s:117:33:117:Infinity":60,"b:118:4:118:Infinity:undefined:undefined:undefined:undefined":9,"s:118:4:118:Infinity":61,"s:118:37:118:Infinity":62,"b:119:4:119:Infinity:undefined:undefined:undefined:undefined":10,"s:119:4:119:Infinity":63,"s:119:38:119:Infinity":64,"b:120:4:122:Infinity:undefined:undefined:undefined:undefined":11,"s:120:4:122:Infinity":65,"b:120:8:120:38:120:38:120:78":12,"s:121:6:121:Infinity":66,"s:123:4:127:Infinity":67,"s:124:6:126:Infinity":68,"s:125:8:125:Infinity":69,"s:128:4:130:Infinity":70,"s:129:6:129:Infinity":71,"f:133:2:133:10":12,"b:134:4:136:Infinity:undefined:undefined:undefined:undefined":13,"s:134:4:136:Infinity":72,"s:135:6:135:Infinity":73,"s:137:4:137:Infinity":74,"f:140:2:140:10":13,"s:141:4:141:Infinity":75,"f:144:2:144:10":14,"s:145:4:145:Infinity":76}}}
,"C:\\Users\\28318\\Desktop\\leveldb-nodejs\\leveldb-ts\\src\\wal\\reader.ts": {"path":"C:\\Users\\28318\\Desktop\\leveldb-nodejs\\leveldb-ts\\src\\wal\\reader.ts","statementMap":{"0":{"start":{"line":4,"column":19},"end":{"line":4,"column":null}},"1":{"start":{"line":15,"column":19},"end":{"line":15,"column":null}},"2":{"start":{"line":16,"column":16},"end":{"line":16,"column":null}},"3":{"start":{"line":19,"column":4},"end":{"line":19,"column":null}},"4":{"start":{"line":23,"column":4},"end":{"line":23,"column":null}},"5":{"start":{"line":23,"column":18},"end":{"line":23,"column":null}},"6":{"start":{"line":25,"column":21},"end":{"line":25,"column":null}},"7":{"start":{"line":26,"column":32},"end":{"line":26,"column":null}},"8":{"start":{"line":28,"column":4},"end":{"line":89,"column":null}},"9":{"start":{"line":29,"column":6},"end":{"line":32,"column":null}},"10":{"start":{"line":30,"column":8},"end":{"line":30,"column":null}},"11":{"start":{"line":31,"column":8},"end":{"line":31,"column":null}},"12":{"start":{"line":34,"column":29},"end":{"line":34,"column":null}},"13":{"start":{"line":35,"column":6},"end":{"line":38,"column":null}},"14":{"start":{"line":36,"column":8},"end":{"line":36,"column":null}},"15":{"start":{"line":37,"column":8},"end":{"line":37,"column":null}},"16":{"start":{"line":40,"column":21},"end":{"line":40,"column":null}},"17":{"start":{"line":41,"column":23},"end":{"line":41,"column":null}},"18":{"start":{"line":42,"column":21},"end":{"line":42,"column":null}},"19":{"start":{"line":43,"column":19},"end":{"line":43,"column":null}},"20":{"start":{"line":45,"column":6},"end":{"line":49,"column":null}},"21":{"start":{"line":46,"column":8},"end":{"line":46,"column":null}},"22":{"start":{"line":47,"column":8},"end":{"line":47,"column":null}},"23":{"start":{"line":47,"column":24},"end":{"line":47,"column":null}},"24":{"start":{"line":48,"column":8},"end":{"line":48,"column":null}},"25":{"start":{"line":51,"column":22},"end":{"line":51,"column":null}},"26":{"start":{"line":54,"column":12},"end":{"line":54,"column":null}},"27":{"start":{"line":55,"column":12},"end":{"line":55,"column":null}},"28":{"start":{"line":56,"column":6},"end":{"line":60,"column":null}},"29":{"start":{"line":57,"column":8},"end":{"line":57,"column":null}},"30":{"start":{"line":57,"column":24},"end":{"line":57,"column":null}},"31":{"start":{"line":58,"column":8},"end":{"line":58,"column":null}},"32":{"start":{"line":59,"column":8},"end":{"line":59,"column":null}},"33":{"start":{"line":62,"column":6},"end":{"line":62,"column":null}},"34":{"start":{"line":64,"column":6},"end":{"line":88,"column":null}},"35":{"start":{"line":66,"column":10},"end":{"line":66,"column":null}},"36":{"start":{"line":66,"column":26},"end":{"line":66,"column":null}},"37":{"start":{"line":67,"column":10},"end":{"line":67,"column":null}},"38":{"start":{"line":70,"column":10},"end":{"line":70,"column":null}},"39":{"start":{"line":70,"column":26},"end":{"line":70,"column":null}},"40":{"start":{"line":71,"column":10},"end":{"line":71,"column":null}},"41":{"start":{"line":72,"column":10},"end":{"line":72,"column":null}},"42":{"start":{"line":73,"column":10},"end":{"line":73,"column":null}},"43":{"start":{"line":76,"column":10},"end":{"line":76,"column":null}},"44":{"start":{"line":76,"column":27},"end":{"line":76,"column":null}},"45":{"start":{"line":77,"column":10},"end":{"line":77,"column":null}},"46":{"start":{"line":78,"column":10},"end":{"line":78,"column":null}},"47":{"start":{"line":81,"column":10},"end":{"line":81,"column":null}},"48":{"start":{"line":81,"column":27},"end":{"line":81,"column":null}},"49":{"start":{"line":82,"column":10},"end":{"line":82,"column":null}},"50":{"start":{"line":83,"column":10},"end":{"line":83,"column":null}},"51":{"start":{"line":86,"column":10},"end":{"line":86,"column":null}},"52":{"start":{"line":86,"column":26},"end":{"line":86,"column":null}},"53":{"start":{"line":87,"column":10},"end":{"line":87,"column":null}}},"fnMap":{"0":{"name":"constructor","decl":{"start":{"line":18,"column":2},"end":{"line":18,"column":14}},"loc":{"start":{"line":18,"column":32},"end":{"line":20,"column":null}},"line":18},"1":{"name":"readNext","decl":{"start":{"line":22,"column":2},"end":{"line":22,"column":28}},"loc":{"start":{"line":22,"column":28},"end":{"line":90,"column":null}},"line":22}},"branchMap":{"0":{"loc":{"start":{"line":23,"column":4},"end":{"line":23,"column":null}},"type":"if","locations":[{"start":{"line":23,"column":4},"end":{"line":23,"column":null}},{"start":{},"end":{}}],"line":23},"1":{"loc":{"start":{"line":29,"column":6},"end":{"line":32,"column":null}},"type":"if","locations":[{"start":{"line":29,"column":6},"end":{"line":32,"column":null}},{"start":{},"end":{}}],"line":29},"2":{"loc":{"start":{"line":31,"column":15},"end":{"line":31,"column":null}},"type":"cond-expr","locations":[{"start":{"line":31,"column":38},"end":{"line":31,"column":65}},{"start":{"line":31,"column":65},"end":{"line":31,"column":null}}],"line":31},"3":{"loc":{"start":{"line":35,"column":6},"end":{"line":38,"column":null}},"type":"if","locations":[{"start":{"line":35,"column":6},"end":{"line":38,"column":null}},{"start":{},"end":{}}],"line":35},"4":{"loc":{"start":{"line":45,"column":6},"end":{"line":49,"column":null}},"type":"if","locations":[{"start":{"line":45,"column":6},"end":{"line":49,"column":null}},{"start":{},"end":{}}],"line":45},"5":{"loc":{"start":{"line":47,"column":8},"end":{"line":47,"column":null}},"type":"if","locations":[{"start":{"line":47,"column":8},"end":{"line":47,"column":null}},{"start":{},"end":{}}],"line":47},"6":{"loc":{"start":{"line":56,"column":6},"end":{"line":60,"column":null}},"type":"if","locations":[{"start":{"line":56,"column":6},"end":{"line":60,"column":null}},{"start":{},"end":{}}],"line":56},"7":{"loc":{"start":{"line":57,"column":8},"end":{"line":57,"column":null}},"type":"if","locations":[{"start":{"line":57,"column":8},"end":{"line":57,"column":null}},{"start":{},"end":{}}],"line":57},"8":{"loc":{"start":{"line":64,"column":6},"end":{"line":88,"column":null}},"type":"switch","locations":[{"start":{"line":65,"column":8},"end":{"line":67,"column":null}},{"start":{"line":69,"column":8},"end":{"line":73,"column":null}},{"start":{"line":75,"column":8},"end":{"line":78,"column":null}},{"start":{"line":80,"column":8},"end":{"line":83,"column":null}},{"start":{"line":85,"column":8},"end":{"line":87,"column":null}}],"line":64},"9":{"loc":{"start":{"line":66,"column":10},"end":{"line":66,"column":null}},"type":"if","locations":[{"start":{"line":66,"column":10},"end":{"line":66,"column":null}},{"start":{},"end":{}}],"line":66},"10":{"loc":{"start":{"line":70,"column":10},"end":{"line":70,"column":null}},"type":"if","locations":[{"start":{"line":70,"column":10},"end":{"line":70,"column":null}},{"start":{},"end":{}}],"line":70},"11":{"loc":{"start":{"line":76,"column":10},"end":{"line":76,"column":null}},"type":"if","locations":[{"start":{"line":76,"column":10},"end":{"line":76,"column":null}},{"start":{},"end":{}}],"line":76},"12":{"loc":{"start":{"line":81,"column":10},"end":{"line":81,"column":null}},"type":"if","locations":[{"start":{"line":81,"column":10},"end":{"line":81,"column":null}},{"start":{},"end":{}}],"line":81},"13":{"loc":{"start":{"line":86,"column":10},"end":{"line":86,"column":null}},"type":"if","locations":[{"start":{"line":86,"column":10},"end":{"line":86,"column":null}},{"start":{},"end":{}}],"line":86}},"s":{"0":10,"1":43,"2":43,"3":43,"4":1600,"5":1,"6":1599,"7":1599,"8":1599,"9":10970,"10":37,"11":37,"12":10933,"13":10933,"14":1,"15":1,"16":10932,"17":10932,"18":10932,"19":10932,"20":10932,"21":1,"22":1,"23":0,"24":1,"25":10931,"26":10931,"27":10931,"28":10931,"29":9364,"30":2,"31":9362,"32":9362,"33":1567,"34":1567,"35":1556,"36":0,"37":1556,"38":5,"39":0,"40":5,"41":5,"42":5,"43":2,"44":0,"45":2,"46":2,"47":4,"48":1,"49":3,"50":3,"51":0,"52":0,"53":0},"f":{"0":43,"1":1600},"b":{"0":[1,1599],"1":[37,10933],"2":[0,37],"3":[1,10932],"4":[1,10931],"5":[0,1],"6":[9364,1567],"7":[2,9362],"8":[1567,5,2,4,0],"9":[0,1556],"10":[0,5],"11":[0,2],"12":[1,3],"13":[0,0]},"meta":{"lastBranch":14,"lastFunction":2,"lastStatement":54,"seen":{"s:4:19:4:Infinity":0,"s:15:19:15:Infinity":1,"s:16:16:16:Infinity":2,"f:18:2:18:14":0,"s:19:4:19:Infinity":3,"f:22:2:22:28":1,"b:23:4:23:Infinity:undefined:undefined:undefined:undefined":0,"s:23:4:23:Infinity":4,"s:23:18:23:Infinity":5,"s:25:21:25:Infinity":6,"s:26:32:26:Infinity":7,"s:28:4:89:Infinity":8,"b:29:6:32:Infinity:undefined:undefined:undefined:undefined":1,"s:29:6:32:Infinity":9,"s:30:8:30:Infinity":10,"s:31:8:31:Infinity":11,"b:31:38:31:65:31:65:31:Infinity":2,"s:34:29:34:Infinity":12,"b:35:6:38:Infinity:undefined:undefined:undefined:undefined":3,"s:35:6:38:Infinity":13,"s:36:8:36:Infinity":14,"s:37:8:37:Infinity":15,"s:40:21:40:Infinity":16,"s:41:23:41:Infinity":17,"s:42:21:42:Infinity":18,"s:43:19:43:Infinity":19,"b:45:6:49:Infinity:undefined:undefined:undefined:undefined":4,"s:45:6:49:Infinity":20,"s:46:8:46:Infinity":21,"b:47:8:47:Infinity:undefined:undefined:undefined:undefined":5,"s:47:8:47:Infinity":22,"s:47:24:47:Infinity":23,"s:48:8:48:Infinity":24,"s:51:22:51:Infinity":25,"s:54:12:54:Infinity":26,"s:55:12:55:Infinity":27,"b:56:6:60:Infinity:undefined:undefined:undefined:undefined":6,"s:56:6:60:Infinity":28,"b:57:8:57:Infinity:undefined:undefined:undefined:undefined":7,"s:57:8:57:Infinity":29,"s:57:24:57:Infinity":30,"s:58:8:58:Infinity":31,"s:59:8:59:Infinity":32,"s:62:6:62:Infinity":33,"b:65:8:67:Infinity:69:8:73:Infinity:75:8:78:Infinity:80:8:83:Infinity:85:8:87:Infinity":8,"s:64:6:88:Infinity":34,"b:66:10:66:Infinity:undefined:undefined:undefined:undefined":9,"s:66:10:66:Infinity":35,"s:66:26:66:Infinity":36,"s:67:10:67:Infinity":37,"b:70:10:70:Infinity:undefined:undefined:undefined:undefined":10,"s:70:10:70:Infinity":38,"s:70:26:70:Infinity":39,"s:71:10:71:Infinity":40,"s:72:10:72:Infinity":41,"s:73:10:73:Infinity":42,"b:76:10:76:Infinity:undefined:undefined:undefined:undefined":11,"s:76:10:76:Infinity":43,"s:76:27:76:Infinity":44,"s:77:10:77:Infinity":45,"s:78:10:78:Infinity":46,"b:81:10:81:Infinity:undefined:undefined:undefined:undefined":12,"s:81:10:81:Infinity":47,"s:81:27:81:Infinity":48,"s:82:10:82:Infinity":49,"s:83:10:83:Infinity":50,"b:86:10:86:Infinity:undefined:undefined:undefined:undefined":13,"s:86:10:86:Infinity":51,"s:86:26:86:Infinity":52,"s:87:10:87:Infinity":53}}}
,"C:\\Users\\28318\\Desktop\\leveldb-nodejs\\leveldb-ts\\src\\wal\\writer.ts": {"path":"C:\\Users\\28318\\Desktop\\leveldb-nodejs\\leveldb-ts\\src\\wal\\writer.ts","statementMap":{"0":{"start":{"line":4,"column":19},"end":{"line":4,"column":null}},"1":{"start":{"line":14,"column":24},"end":{"line":14,"column":null}},"2":{"start":{"line":17,"column":22},"end":{"line":17,"column":40}},"3":{"start":{"line":18,"column":4},"end":{"line":18,"column":null}},"4":{"start":{"line":22,"column":15},"end":{"line":22,"column":null}},"5":{"start":{"line":23,"column":16},"end":{"line":23,"column":null}},"6":{"start":{"line":25,"column":4},"end":{"line":50,"column":null}},"7":{"start":{"line":26,"column":23},"end":{"line":26,"column":null}},"8":{"start":{"line":27,"column":6},"end":{"line":31,"column":null}},"9":{"start":{"line":29,"column":8},"end":{"line":29,"column":null}},"10":{"start":{"line":30,"column":8},"end":{"line":30,"column":null}},"11":{"start":{"line":33,"column":20},"end":{"line":33,"column":null}},"12":{"start":{"line":34,"column":29},"end":{"line":34,"column":null}},"13":{"start":{"line":36,"column":18},"end":{"line":36,"column":null}},"14":{"start":{"line":37,"column":6},"end":{"line":45,"column":null}},"15":{"start":{"line":38,"column":8},"end":{"line":38,"column":null}},"16":{"start":{"line":39,"column":13},"end":{"line":45,"column":null}},"17":{"start":{"line":40,"column":8},"end":{"line":40,"column":null}},"18":{"start":{"line":41,"column":13},"end":{"line":45,"column":null}},"19":{"start":{"line":42,"column":8},"end":{"line":42,"column":null}},"20":{"start":{"line":44,"column":8},"end":{"line":44,"column":null}},"21":{"start":{"line":47,"column":6},"end":{"line":47,"column":null}},"22":{"start":{"line":48,"column":6},"end":{"line":48,"column":null}},"23":{"start":{"line":49,"column":6},"end":{"line":49,"column":null}},"24":{"start":{"line":54,"column":19},"end":{"line":54,"column":null}},"25":{"start":{"line":55,"column":10},"end":{"line":55,"column":null}},"26":{"start":{"line":56,"column":10},"end":{"line":56,"column":null}},"27":{"start":{"line":57,"column":4},"end":{"line":57,"column":null}},"28":{"start":{"line":58,"column":4},"end":{"line":58,"column":null}},"29":{"start":{"line":59,"column":4},"end":{"line":59,"column":null}},"30":{"start":{"line":61,"column":4},"end":{"line":61,"column":null}},"31":{"start":{"line":62,"column":4},"end":{"line":62,"column":null}},"32":{"start":{"line":63,"column":4},"end":{"line":63,"column":null}},"33":{"start":{"line":67,"column":20},"end":{"line":67,"column":null}},"34":{"start":{"line":68,"column":16},"end":{"line":68,"column":null}},"35":{"start":{"line":69,"column":4},"end":{"line":69,"column":null}},"36":{"start":{"line":70,"column":4},"end":{"line":70,"column":null}},"37":{"start":{"line":71,"column":4},"end":{"line":71,"column":null}},"38":{"start":{"line":75,"column":4},"end":{"line":75,"column":null}},"39":{"start":{"line":79,"column":4},"end":{"line":79,"column":null}},"40":{"start":{"line":80,"column":4},"end":{"line":80,"column":null}}},"fnMap":{"0":{"name":"constructor","decl":{"start":{"line":17,"column":2},"end":{"line":17,"column":14}},"loc":{"start":{"line":17,"column":40},"end":{"line":19,"column":null}},"line":17},"1":{"name":"addRecord","decl":{"start":{"line":21,"column":2},"end":{"line":21,"column":12}},"loc":{"start":{"line":21,"column":32},"end":{"line":51,"column":null}},"line":21},"2":{"name":"emitRecord","decl":{"start":{"line":53,"column":2},"end":{"line":53,"column":10}},"loc":{"start":{"line":53,"column":59},"end":{"line":64,"column":null}},"line":53},"3":{"name":"fillBlock","decl":{"start":{"line":66,"column":2},"end":{"line":66,"column":10}},"loc":{"start":{"line":66,"column":28},"end":{"line":72,"column":null}},"line":66},"4":{"name":"sync","decl":{"start":{"line":74,"column":2},"end":{"line":74,"column":15}},"loc":{"start":{"line":74,"column":15},"end":{"line":76,"column":null}},"line":74},"5":{"name":"close","decl":{"start":{"line":78,"column":8},"end":{"line":78,"column":31}},"loc":{"start":{"line":78,"column":31},"end":{"line":81,"column":null}},"line":78}},"branchMap":{"0":{"loc":{"start":{"line":25,"column":11},"end":{"line":25,"column":30}},"type":"binary-expr","locations":[{"start":{"line":25,"column":11},"end":{"line":25,"column":23}},{"start":{"line":25,"column":23},"end":{"line":25,"column":30}}],"line":25},"1":{"loc":{"start":{"line":27,"column":6},"end":{"line":31,"column":null}},"type":"if","locations":[{"start":{"line":27,"column":6},"end":{"line":31,"column":null}},{"start":{},"end":{}}],"line":27},"2":{"loc":{"start":{"line":37,"column":6},"end":{"line":45,"column":null}},"type":"if","locations":[{"start":{"line":37,"column":6},"end":{"line":45,"column":null}},{"start":{"line":39,"column":13},"end":{"line":45,"column":null}}],"line":37},"3":{"loc":{"start":{"line":37,"column":10},"end":{"line":37,"column":44}},"type":"binary-expr","locations":[{"start":{"line":37,"column":10},"end":{"line":37,"column":19}},{"start":{"line":37,"column":19},"end":{"line":37,"column":44}}],"line":37},"4":{"loc":{"start":{"line":39,"column":13},"end":{"line":45,"column":null}},"type":"if","locations":[{"start":{"line":39,"column":13},"end":{"line":45,"column":null}},{"start":{"line":41,"column":13},"end":{"line":45,"column":null}}],"line":39},"5":{"loc":{"start":{"line":41,"column":13},"end":{"line":45,"column":null}},"type":"if","locations":[{"start":{"line":41,"column":13},"end":{"line":45,"column":null}},{"start":{"line":43,"column":13},"end":{"line":45,"column":null}}],"line":41}},"s":{"0":10,"1":218,"2":218,"3":218,"4":4901,"5":4901,"6":4901,"7":4920,"8":4920,"9":10,"10":10,"11":4910,"12":4910,"13":4910,"14":4910,"15":4896,"16":14,"17":5,"18":9,"19":5,"20":4,"21":4910,"22":4910,"23":4910,"24":4910,"25":4910,"26":4910,"27":4910,"28":4910,"29":4910,"30":4910,"31":4910,"32":4910,"33":10,"34":10,"35":10,"36":10,"37":10,"38":1,"39":116,"40":116},"f":{"0":218,"1":4901,"2":4910,"3":10,"4":1,"5":116},"b":{"0":[4901,4902],"1":[10,4910],"2":[4896,14],"3":[4910,4901],"4":[5,9],"5":[5,4]},"meta":{"lastBranch":6,"lastFunction":6,"lastStatement":41,"seen":{"s:4:19:4:Infinity":0,"s:14:24:14:Infinity":1,"f:17:2:17:14":0,"s:17:22:17:40":2,"s:18:4:18:Infinity":3,"f:21:2:21:12":1,"s:22:15:22:Infinity":4,"s:23:16:23:Infinity":5,"s:25:4:50:Infinity":6,"b:25:11:25:23:25:23:25:30":0,"s:26:23:26:Infinity":7,"b:27:6:31:Infinity:undefined:undefined:undefined:undefined":1,"s:27:6:31:Infinity":8,"s:29:8:29:Infinity":9,"s:30:8:30:Infinity":10,"s:33:20:33:Infinity":11,"s:34:29:34:Infinity":12,"s:36:18:36:Infinity":13,"b:37:6:45:Infinity:39:13:45:Infinity":2,"s:37:6:45:Infinity":14,"b:37:10:37:19:37:19:37:44":3,"s:38:8:38:Infinity":15,"b:39:13:45:Infinity:41:13:45:Infinity":4,"s:39:13:45:Infinity":16,"s:40:8:40:Infinity":17,"b:41:13:45:Infinity:43:13:45:Infinity":5,"s:41:13:45:Infinity":18,"s:42:8:42:Infinity":19,"s:44:8:44:Infinity":20,"s:47:6:47:Infinity":21,"s:48:6:48:Infinity":22,"s:49:6:49:Infinity":23,"f:53:2:53:10":2,"s:54:19:54:Infinity":24,"s:55:10:55:Infinity":25,"s:56:10:56:Infinity":26,"s:57:4:57:Infinity":27,"s:58:4:58:Infinity":28,"s:59:4:59:Infinity":29,"s:61:4:61:Infinity":30,"s:62:4:62:Infinity":31,"s:63:4:63:Infinity":32,"f:66:2:66:10":3,"s:67:20:67:Infinity":33,"s:68:16:68:Infinity":34,"s:69:4:69:Infinity":35,"s:70:4:70:Infinity":36,"s:71:4:71:Infinity":37,"f:74:2:74:15":4,"s:75:4:75:Infinity":38,"f:78:8:78:31":5,"s:79:4:79:Infinity":39,"s:80:4:80:Infinity":40}}}
}
